\BOOKMARK [1][-]{section.1}{\376\377\0001\000\040\000M\000a\000i\000n\000\040\000P\000a\000g\000e}{}% 1
\BOOKMARK [1][-]{section.2}{\376\377\0002\000\040\000L\000i\000c\000e\000n\000s\000e\000\040\000C\000o\000n\000d\000i\000t\000i\000o\000n\000s}{}% 2
\BOOKMARK [1][-]{section.3}{\376\377\0003\000\040\000H\000o\000w\000\040\000t\000o\000\040\000c\000o\000n\000t\000r\000i\000b\000u\000t\000e}{}% 3
\BOOKMARK [1][-]{section.4}{\376\377\0004\000\040\000I\000n\000s\000t\000a\000l\000l\000a\000t\000i\000o\000n}{}% 4
\BOOKMARK [2][-]{subsection.4.1}{\376\377\0004\000.\0001\000\040\000T\000a\000b\000l\000e\000\040\000o\000f\000\040\000C\000o\000n\000t\000e\000n\000t\000s}{section.4}% 5
\BOOKMARK [2][-]{subsection.4.2}{\376\377\0004\000.\0002\000\040\000A\000v\000a\000i\000l\000a\000b\000i\000l\000i\000t\000y}{section.4}% 6
\BOOKMARK [2][-]{subsection.4.3}{\376\377\0004\000.\0003\000\040\000P\000y\000t\000h\000o\000n}{section.4}% 7
\BOOKMARK [2][-]{subsection.4.4}{\376\377\0004\000.\0004\000\040\000M\000A\000T\000L\000A\000B}{section.4}% 8
\BOOKMARK [2][-]{subsection.4.5}{\376\377\0004\000.\0005\000\040\000C\000+\000+\000\040\000o\000n\000l\000y}{section.4}% 9
\BOOKMARK [2][-]{subsection.4.6}{\376\377\0004\000.\0006\000\040\000D\000e\000p\000e\000n\000d\000e\000n\000c\000i\000e\000s}{section.4}% 10
\BOOKMARK [1][-]{section.5}{\376\377\0005\000\040\000P\000y\000t\000h\000o\000n\000\040\000I\000n\000t\000e\000r\000f\000a\000c\000e}{}% 11
\BOOKMARK [2][-]{subsection.5.1}{\376\377\0005\000.\0001\000\040\000M\000o\000d\000e\000l\000\040\000D\000e\000f\000i\000n\000i\000t\000i\000o\000n}{section.5}% 12
\BOOKMARK [2][-]{subsection.5.2}{\376\377\0005\000.\0002\000\040\000M\000o\000d\000e\000l\000\040\000S\000i\000m\000u\000l\000a\000t\000i\000o\000n}{section.5}% 13
\BOOKMARK [2][-]{subsection.5.3}{\376\377\0005\000.\0003\000\040\000B\000u\000i\000l\000d\000i\000n\000g\000\040\000m\000o\000d\000e\000l\000s\000\040\000w\000i\000t\000h\000\040\000O\000p\000e\000n\000M\000P\000\040\000s\000u\000p\000p\000o\000r\000t}{section.5}% 14
\BOOKMARK [1][-]{section.6}{\376\377\0006\000\040\000M\000A\000T\000L\000A\000B\000\040\000I\000n\000t\000e\000r\000f\000a\000c\000e}{}% 15
\BOOKMARK [2][-]{subsection.6.1}{\376\377\0006\000.\0001\000\040\000M\000o\000d\000e\000l\000\040\000D\000e\000f\000i\000n\000i\000t\000i\000o\000n}{section.6}% 16
\BOOKMARK [2][-]{subsection.6.2}{\376\377\0006\000.\0002\000\040\000M\000o\000d\000e\000l\000\040\000C\000o\000m\000p\000i\000l\000a\000t\000i\000o\000n}{section.6}% 17
\BOOKMARK [2][-]{subsection.6.3}{\376\377\0006\000.\0003\000\040\000M\000o\000d\000e\000l\000\040\000S\000i\000m\000u\000l\000a\000t\000i\000o\000n}{section.6}% 18
\BOOKMARK [1][-]{section.7}{\376\377\0007\000\040\000C\000+\000+\000\040\000I\000n\000t\000e\000r\000f\000a\000c\000e}{}% 19
\BOOKMARK [2][-]{subsection.7.1}{\376\377\0007\000.\0001\000\040\000G\000e\000n\000e\000r\000a\000t\000i\000o\000n\000\040\000o\000f\000\040\000C\000+\000+\000\040\000m\000o\000d\000e\000l\000\040\000f\000i\000l\000e\000s}{section.7}% 20
\BOOKMARK [2][-]{subsection.7.2}{\376\377\0007\000.\0002\000\040\000C\000o\000m\000p\000i\000l\000i\000n\000g\000\040\000a\000n\000d\000\040\000l\000i\000n\000k\000i\000n\000g}{section.7}% 21
\BOOKMARK [2][-]{subsection.7.3}{\376\377\0007\000.\0003\000\040\000R\000u\000n\000n\000i\000n\000g\000\040\000a\000\040\000s\000i\000m\000u\000l\000a\000t\000i\000o\000n}{section.7}% 22
\BOOKMARK [2][-]{subsection.7.4}{\376\377\0007\000.\0004\000\040\000P\000a\000r\000a\000m\000e\000t\000e\000r\000\040\000e\000s\000t\000i\000m\000a\000t\000i\000o\000n\000\040\000f\000o\000r\000\040\000A\000M\000I\000C\000I\000\040\000m\000o\000d\000e\000l\000s\000\040\000i\000n\000\040\000h\000i\000g\000h\000-\000p\000e\000r\000f\000o\000r\000m\000a\000n\000c\000e\000\040\000c\000o\000m\000p\000u\000t\000i\000n\000g\000\040\000e\000n\000v\000i\000r\000o\000n\000m\000e\000n\000t\000s}{section.7}% 23
\BOOKMARK [1][-]{section.8}{\376\377\0008\000\040\000F\000A\000Q}{}% 24
\BOOKMARK [1][-]{section.9}{\376\377\0009\000\040\000A\000M\000I\000C\000I\000\040\000d\000e\000v\000e\000l\000o\000p\000e\000r\000\047\000s\000\040\000g\000u\000i\000d\000e}{}% 25
\BOOKMARK [2][-]{subsection.9.1}{\376\377\0009\000.\0001\000\040\000B\000r\000a\000n\000c\000h\000e\000s\000\040\000/\000\040\000r\000e\000l\000e\000a\000s\000e\000s}{section.9}% 26
\BOOKMARK [2][-]{subsection.9.2}{\376\377\0009\000.\0002\000\040\000W\000h\000e\000n\000\040\000s\000t\000a\000r\000t\000i\000n\000g\000\040\000t\000o\000\040\000w\000o\000r\000k\000\040\000o\000n\000\040\000s\000o\000m\000e\000\040\000i\000s\000s\000u\000e}{section.9}% 27
\BOOKMARK [2][-]{subsection.9.3}{\376\377\0009\000.\0003\000\040\000C\000o\000d\000e\000\040\000c\000o\000n\000t\000r\000i\000b\000u\000t\000i\000o\000n\000s}{section.9}% 28
\BOOKMARK [1][-]{section.10}{\376\377\0001\0000\000\040\000C\000o\000n\000t\000i\000n\000u\000o\000u\000s\000\040\000i\000n\000t\000e\000g\000r\000a\000t\000i\000o\000n\000\040\000\050\000C\000I\000\051\000\040\000a\000n\000d\000\040\000t\000e\000s\000t\000s}{}% 29
\BOOKMARK [2][-]{subsection.10.1}{\376\377\0001\0000\000.\0001\000\040\000C\000+\000+\000\040\000u\000n\000i\000t\000\040\000a\000n\000d\000\040\000i\000n\000t\000e\000g\000r\000a\000t\000i\000o\000n\000\040\000t\000e\000s\000t\000s}{section.10}% 30
\BOOKMARK [2][-]{subsection.10.2}{\376\377\0001\0000\000.\0002\000\040\000P\000y\000t\000h\000o\000n\000\040\000u\000n\000i\000t\000\040\000a\000n\000d\000\040\000i\000n\000t\000e\000g\000r\000a\000t\000i\000o\000n\000\040\000t\000e\000s\000t\000s}{section.10}% 31
\BOOKMARK [2][-]{subsection.10.3}{\376\377\0001\0000\000.\0003\000\040\000M\000a\000t\000l\000a\000b\000\040\000t\000e\000s\000t\000s\000\040\000\050\000n\000o\000t\000\040\000i\000n\000c\000l\000u\000d\000e\000d\000\040\000i\000n\000\040\000C\000I\000\040\000p\000i\000p\000e\000l\000i\000n\000e\000\051}{section.10}% 32
\BOOKMARK [2][-]{subsection.10.4}{\376\377\0001\0000\000.\0004\000\040\000M\000o\000d\000e\000l\000\040\000s\000i\000m\000u\000l\000a\000t\000i\000o\000n\000\040\000i\000n\000t\000e\000g\000r\000a\000t\000i\000o\000n\000\040\000t\000e\000s\000t\000s}{section.10}% 33
\BOOKMARK [2][-]{subsection.10.5}{\376\377\0001\0000\000.\0005\000\040\000A\000d\000d\000i\000n\000g\000/\000U\000p\000d\000a\000t\000i\000n\000g\000\040\000t\000e\000s\000t\000s}{section.10}% 34
\BOOKMARK [1][-]{section.11}{\376\377\0001\0001\000\040\000A\000M\000I\000C\000I\000\040\000d\000o\000c\000u\000m\000e\000n\000t\000a\000t\000i\000o\000n}{}% 35
\BOOKMARK [2][-]{subsection.11.1}{\376\377\0001\0001\000.\0001\000\040\000D\000o\000x\000y\000g\000e\000n\000\040\000c\000o\000n\000f\000i\000g\000u\000r\000a\000t\000i\000o\000n}{section.11}% 36
\BOOKMARK [2][-]{subsection.11.2}{\376\377\0001\0001\000.\0002\000\040\000M\000a\000t\000l\000a\000b\000\040\000d\000o\000c\000u\000m\000e\000n\000t\000a\000t\000i\000o\000n}{section.11}% 37
\BOOKMARK [2][-]{subsection.11.3}{\376\377\0001\0001\000.\0003\000\040\000P\000y\000t\000h\000o\000n\000\040\000d\000o\000c\000u\000m\000e\000n\000t\000a\000t\000i\000o\000n}{section.11}% 38
\BOOKMARK [2][-]{subsection.11.4}{\376\377\0001\0001\000.\0004\000\040\000O\000u\000t\000-\000o\000f\000-\000s\000o\000u\000r\000c\000e\000\040\000d\000o\000c\000u\000m\000e\000n\000t\000a\000t\000i\000o\000n}{section.11}% 39
\BOOKMARK [2][-]{subsection.11.5}{\376\377\0001\0001\000.\0005\000\040\000M\000a\000i\000n\000t\000a\000i\000n\000i\000n\000g\000\040\000t\000h\000e\000\040\000l\000i\000s\000t\000\040\000o\000f\000\040\000p\000u\000b\000l\000i\000c\000a\000t\000i\000o\000n\000s}{section.11}% 40
\BOOKMARK [1][-]{section.12}{\376\377\0001\0002\000\040\000C\000o\000n\000t\000r\000i\000b\000u\000t\000o\000r\000\040\000C\000o\000v\000e\000n\000a\000n\000t\000\040\000C\000o\000d\000e\000\040\000o\000f\000\040\000C\000o\000n\000d\000u\000c\000t}{}% 41
\BOOKMARK [2][-]{subsection.12.1}{\376\377\0001\0002\000.\0001\000\040\000O\000u\000r\000\040\000P\000l\000e\000d\000g\000e}{section.12}% 42
\BOOKMARK [2][-]{subsection.12.2}{\376\377\0001\0002\000.\0002\000\040\000O\000u\000r\000\040\000S\000t\000a\000n\000d\000a\000r\000d\000s}{section.12}% 43
\BOOKMARK [2][-]{subsection.12.3}{\376\377\0001\0002\000.\0003\000\040\000O\000u\000r\000\040\000R\000e\000s\000p\000o\000n\000s\000i\000b\000i\000l\000i\000t\000i\000e\000s}{section.12}% 44
\BOOKMARK [2][-]{subsection.12.4}{\376\377\0001\0002\000.\0004\000\040\000S\000c\000o\000p\000e}{section.12}% 45
\BOOKMARK [2][-]{subsection.12.5}{\376\377\0001\0002\000.\0005\000\040\000E\000n\000f\000o\000r\000c\000e\000m\000e\000n\000t}{section.12}% 46
\BOOKMARK [2][-]{subsection.12.6}{\376\377\0001\0002\000.\0006\000\040\000A\000t\000t\000r\000i\000b\000u\000t\000i\000o\000n}{section.12}% 47
\BOOKMARK [1][-]{section.13}{\376\377\0001\0003\000\040\000A\000M\000I\000C\000I\000\040\000w\000i\000t\000h\000\040\000D\000o\000c\000k\000e\000r}{}% 48
\BOOKMARK [2][-]{subsection.13.1}{\376\377\0001\0003\000.\0001\000\040\000C\000r\000e\000a\000t\000e\000\040\000i\000m\000a\000g\000e}{section.13}% 49
\BOOKMARK [2][-]{subsection.13.2}{\376\377\0001\0003\000.\0002\000\040\000P\000u\000b\000l\000i\000s\000h\000e\000d\000\040\000i\000m\000a\000g\000e\000s}{section.13}% 50
\BOOKMARK [1][-]{section.14}{\376\377\0001\0004\000\040\000C\000o\000d\000e\000\040\000r\000e\000v\000i\000e\000w}{}% 51
\BOOKMARK [2][-]{subsection.14.1}{\376\377\0001\0004\000.\0001\000\040\000E\000v\000e\000r\000y\000o\000n\000e}{section.14}% 52
\BOOKMARK [2][-]{subsection.14.2}{\376\377\0001\0004\000.\0002\000\040\000R\000e\000v\000i\000e\000w\000i\000n\000g\000\040\000c\000o\000d\000e}{section.14}% 53
\BOOKMARK [2][-]{subsection.14.3}{\376\377\0001\0004\000.\0003\000\040\000H\000a\000v\000i\000n\000g\000\040\000y\000o\000u\000r\000\040\000c\000o\000d\000e\000\040\000r\000e\000v\000i\000e\000w\000e\000d}{section.14}% 54
\BOOKMARK [2][-]{subsection.14.4}{\376\377\0001\0004\000.\0004\000\040\000C\000h\000e\000c\000k\000l\000i\000s\000t}{section.14}% 55
\BOOKMARK [1][-]{section.15}{\376\377\0001\0005\000\040\000L\000I\000C\000E\000N\000S\000E}{}% 56
\BOOKMARK [1][-]{section.16}{\376\377\0001\0006\000\040\000R\000E\000A\000D\000M\000E}{}% 57
\BOOKMARK [1][-]{section.17}{\376\377\0001\0007\000\040\000R\000e\000f\000e\000r\000e\000n\000c\000e\000s}{}% 58
\BOOKMARK [1][-]{section.18}{\376\377\0001\0008\000\040\000C\000l\000a\000s\000s\000\040\000D\000o\000c\000u\000m\000e\000n\000t\000a\000t\000i\000o\000n}{}% 59
\BOOKMARK [2][-]{subsection.18.1}{\376\377\0001\0008\000.\0001\000\040\000A\000b\000s\000t\000r\000a\000c\000t\000M\000o\000d\000e\000l\000\040\000C\000l\000a\000s\000s\000\040\000R\000e\000f\000e\000r\000e\000n\000c\000e}{section.18}% 60
\BOOKMARK [2][-]{subsection.18.2}{\376\377\0001\0008\000.\0002\000\040\000A\000m\000i\000c\000i\000A\000p\000p\000l\000i\000c\000a\000t\000i\000o\000n\000\040\000C\000l\000a\000s\000s\000\040\000R\000e\000f\000e\000r\000e\000n\000c\000e}{section.18}% 61
\BOOKMARK [2][-]{subsection.18.3}{\376\377\0001\0008\000.\0003\000\040\000A\000m\000i\000E\000x\000c\000e\000p\000t\000i\000o\000n\000\040\000C\000l\000a\000s\000s\000\040\000R\000e\000f\000e\000r\000e\000n\000c\000e}{section.18}% 62
\BOOKMARK [2][-]{subsection.18.4}{\376\377\0001\0008\000.\0004\000\040\000A\000m\000i\000V\000e\000c\000t\000o\000r\000\040\000C\000l\000a\000s\000s\000\040\000R\000e\000f\000e\000r\000e\000n\000c\000e}{section.18}% 63
\BOOKMARK [2][-]{subsection.18.5}{\376\377\0001\0008\000.\0005\000\040\000A\000m\000i\000V\000e\000c\000t\000o\000r\000A\000r\000r\000a\000y\000\040\000C\000l\000a\000s\000s\000\040\000R\000e\000f\000e\000r\000e\000n\000c\000e}{section.18}% 64
\BOOKMARK [2][-]{subsection.18.6}{\376\377\0001\0008\000.\0006\000\040\000B\000a\000c\000k\000w\000a\000r\000d\000P\000r\000o\000b\000l\000e\000m\000\040\000C\000l\000a\000s\000s\000\040\000R\000e\000f\000e\000r\000e\000n\000c\000e}{section.18}% 65
\BOOKMARK [2][-]{subsection.18.7}{\376\377\0001\0008\000.\0007\000\040\000C\000o\000n\000d\000i\000t\000i\000o\000n\000C\000o\000n\000t\000e\000x\000t\000\040\000C\000l\000a\000s\000s\000\040\000R\000e\000f\000e\000r\000e\000n\000c\000e}{section.18}% 66
\BOOKMARK [2][-]{subsection.18.8}{\376\377\0001\0008\000.\0008\000\040\000C\000o\000n\000t\000e\000x\000t\000M\000a\000n\000a\000g\000e\000r\000\040\000C\000l\000a\000s\000s\000\040\000R\000e\000f\000e\000r\000e\000n\000c\000e}{section.18}% 67
\BOOKMARK [2][-]{subsection.18.9}{\376\377\0001\0008\000.\0009\000\040\000C\000v\000o\000d\000e\000E\000x\000c\000e\000p\000t\000i\000o\000n\000\040\000C\000l\000a\000s\000s\000\040\000R\000e\000f\000e\000r\000e\000n\000c\000e}{section.18}% 68
\BOOKMARK [2][-]{subsection.18.10}{\376\377\0001\0008\000.\0001\0000\000\040\000E\000x\000p\000D\000a\000t\000a\000\040\000C\000l\000a\000s\000s\000\040\000R\000e\000f\000e\000r\000e\000n\000c\000e}{section.18}% 69
\BOOKMARK [2][-]{subsection.18.11}{\376\377\0001\0008\000.\0001\0001\000\040\000F\000i\000n\000a\000l\000S\000t\000a\000t\000e\000S\000t\000o\000r\000e\000r\000\040\000C\000l\000a\000s\000s\000\040\000R\000e\000f\000e\000r\000e\000n\000c\000e}{section.18}% 70
\BOOKMARK [2][-]{subsection.18.12}{\376\377\0001\0008\000.\0001\0002\000\040\000F\000o\000r\000w\000a\000r\000d\000P\000r\000o\000b\000l\000e\000m\000\040\000C\000l\000a\000s\000s\000\040\000R\000e\000f\000e\000r\000e\000n\000c\000e}{section.18}% 71
\BOOKMARK [2][-]{subsection.18.13}{\376\377\0001\0008\000.\0001\0003\000\040\000I\000D\000A\000E\000x\000c\000e\000p\000t\000i\000o\000n\000\040\000C\000l\000a\000s\000s\000\040\000R\000e\000f\000e\000r\000e\000n\000c\000e}{section.18}% 72
\BOOKMARK [2][-]{subsection.18.14}{\376\377\0001\0008\000.\0001\0004\000\040\000I\000n\000t\000e\000g\000r\000a\000t\000i\000o\000n\000F\000a\000i\000l\000u\000r\000e\000\040\000C\000l\000a\000s\000s\000\040\000R\000e\000f\000e\000r\000e\000n\000c\000e}{section.18}% 73
\BOOKMARK [2][-]{subsection.18.15}{\376\377\0001\0008\000.\0001\0005\000\040\000I\000n\000t\000e\000g\000r\000a\000t\000i\000o\000n\000F\000a\000i\000l\000u\000r\000e\000B\000\040\000C\000l\000a\000s\000s\000\040\000R\000e\000f\000e\000r\000e\000n\000c\000e}{section.18}% 74
\BOOKMARK [2][-]{subsection.18.16}{\376\377\0001\0008\000.\0001\0006\000\040\000M\000o\000d\000e\000l\000\040\000C\000l\000a\000s\000s\000\040\000R\000e\000f\000e\000r\000e\000n\000c\000e}{section.18}% 75
\BOOKMARK [2][-]{subsection.18.17}{\376\377\0001\0008\000.\0001\0007\000\040\000M\000o\000d\000e\000l\000\137\000D\000A\000E\000\040\000C\000l\000a\000s\000s\000\040\000R\000e\000f\000e\000r\000e\000n\000c\000e}{section.18}% 76
\BOOKMARK [2][-]{subsection.18.18}{\376\377\0001\0008\000.\0001\0008\000\040\000M\000o\000d\000e\000l\000\137\000O\000D\000E\000\040\000C\000l\000a\000s\000s\000\040\000R\000e\000f\000e\000r\000e\000n\000c\000e}{section.18}% 77
\BOOKMARK [2][-]{subsection.18.19}{\376\377\0001\0008\000.\0001\0009\000\040\000M\000o\000d\000e\000l\000C\000o\000n\000t\000e\000x\000t\000\040\000C\000l\000a\000s\000s\000\040\000R\000e\000f\000e\000r\000e\000n\000c\000e}{section.18}% 78
\BOOKMARK [2][-]{subsection.18.20}{\376\377\0001\0008\000.\0002\0000\000\040\000M\000o\000d\000e\000l\000S\000t\000a\000t\000e\000\040\000S\000t\000r\000u\000c\000t\000\040\000R\000e\000f\000e\000r\000e\000n\000c\000e}{section.18}% 79
\BOOKMARK [2][-]{subsection.18.21}{\376\377\0001\0008\000.\0002\0001\000\040\000N\000e\000w\000t\000o\000n\000F\000a\000i\000l\000u\000r\000e\000\040\000C\000l\000a\000s\000s\000\040\000R\000e\000f\000e\000r\000e\000n\000c\000e}{section.18}% 80
\BOOKMARK [2][-]{subsection.18.22}{\376\377\0001\0008\000.\0002\0002\000\040\000N\000e\000w\000t\000o\000n\000S\000o\000l\000v\000e\000r\000\040\000C\000l\000a\000s\000s\000\040\000R\000e\000f\000e\000r\000e\000n\000c\000e}{section.18}% 81
\BOOKMARK [2][-]{subsection.18.23}{\376\377\0001\0008\000.\0002\0003\000\040\000N\000e\000w\000t\000o\000n\000S\000o\000l\000v\000e\000r\000D\000e\000n\000s\000e\000\040\000C\000l\000a\000s\000s\000\040\000R\000e\000f\000e\000r\000e\000n\000c\000e}{section.18}% 82
\BOOKMARK [2][-]{subsection.18.24}{\376\377\0001\0008\000.\0002\0004\000\040\000N\000e\000w\000t\000o\000n\000S\000o\000l\000v\000e\000r\000I\000t\000e\000r\000a\000t\000i\000v\000e\000\040\000C\000l\000a\000s\000s\000\040\000R\000e\000f\000e\000r\000e\000n\000c\000e}{section.18}% 83
\BOOKMARK [2][-]{subsection.18.25}{\376\377\0001\0008\000.\0002\0005\000\040\000N\000e\000w\000t\000o\000n\000S\000o\000l\000v\000e\000r\000S\000p\000a\000r\000s\000e\000\040\000C\000l\000a\000s\000s\000\040\000R\000e\000f\000e\000r\000e\000n\000c\000e}{section.18}% 84
\BOOKMARK [2][-]{subsection.18.26}{\376\377\0001\0008\000.\0002\0006\000\040\000R\000e\000t\000u\000r\000n\000D\000a\000t\000a\000\040\000C\000l\000a\000s\000s\000\040\000R\000e\000f\000e\000r\000e\000n\000c\000e}{section.18}% 85
\BOOKMARK [2][-]{subsection.18.27}{\376\377\0001\0008\000.\0002\0007\000\040\000S\000e\000t\000u\000p\000F\000a\000i\000l\000u\000r\000e\000\040\000C\000l\000a\000s\000s\000\040\000R\000e\000f\000e\000r\000e\000n\000c\000e}{section.18}% 86
\BOOKMARK [2][-]{subsection.18.28}{\376\377\0001\0008\000.\0002\0008\000\040\000S\000i\000m\000u\000l\000a\000t\000i\000o\000n\000S\000t\000a\000t\000e\000\040\000S\000t\000r\000u\000c\000t\000\040\000R\000e\000f\000e\000r\000e\000n\000c\000e}{section.18}% 87
\BOOKMARK [2][-]{subsection.18.29}{\376\377\0001\0008\000.\0002\0009\000\040\000S\000o\000l\000v\000e\000r\000\040\000C\000l\000a\000s\000s\000\040\000R\000e\000f\000e\000r\000e\000n\000c\000e}{section.18}% 88
\BOOKMARK [2][-]{subsection.18.30}{\376\377\0001\0008\000.\0003\0000\000\040\000S\000t\000e\000a\000d\000y\000s\000t\000a\000t\000e\000P\000r\000o\000b\000l\000e\000m\000\040\000C\000l\000a\000s\000s\000\040\000R\000e\000f\000e\000r\000e\000n\000c\000e}{section.18}% 89
\BOOKMARK [2][-]{subsection.18.31}{\376\377\0001\0008\000.\0003\0001\000\040\000S\000U\000N\000L\000i\000n\000S\000o\000l\000B\000a\000n\000d\000\040\000C\000l\000a\000s\000s\000\040\000R\000e\000f\000e\000r\000e\000n\000c\000e}{section.18}% 90
\BOOKMARK [2][-]{subsection.18.32}{\376\377\0001\0008\000.\0003\0002\000\040\000S\000U\000N\000L\000i\000n\000S\000o\000l\000D\000e\000n\000s\000e\000\040\000C\000l\000a\000s\000s\000\040\000R\000e\000f\000e\000r\000e\000n\000c\000e}{section.18}% 91
\BOOKMARK [2][-]{subsection.18.33}{\376\377\0001\0008\000.\0003\0003\000\040\000S\000U\000N\000L\000i\000n\000S\000o\000l\000K\000L\000U\000\040\000C\000l\000a\000s\000s\000\040\000R\000e\000f\000e\000r\000e\000n\000c\000e}{section.18}% 92
\BOOKMARK [2][-]{subsection.18.34}{\376\377\0001\0008\000.\0003\0004\000\040\000S\000U\000N\000L\000i\000n\000S\000o\000l\000P\000C\000G\000\040\000C\000l\000a\000s\000s\000\040\000R\000e\000f\000e\000r\000e\000n\000c\000e}{section.18}% 93
\BOOKMARK [2][-]{subsection.18.35}{\376\377\0001\0008\000.\0003\0005\000\040\000S\000U\000N\000L\000i\000n\000S\000o\000l\000S\000P\000B\000C\000G\000S\000\040\000C\000l\000a\000s\000s\000\040\000R\000e\000f\000e\000r\000e\000n\000c\000e}{section.18}% 94
\BOOKMARK [2][-]{subsection.18.36}{\376\377\0001\0008\000.\0003\0006\000\040\000S\000U\000N\000L\000i\000n\000S\000o\000l\000S\000P\000F\000G\000M\000R\000\040\000C\000l\000a\000s\000s\000\040\000R\000e\000f\000e\000r\000e\000n\000c\000e}{section.18}% 95
\BOOKMARK [2][-]{subsection.18.37}{\376\377\0001\0008\000.\0003\0007\000\040\000S\000U\000N\000L\000i\000n\000S\000o\000l\000S\000P\000G\000M\000R\000\040\000C\000l\000a\000s\000s\000\040\000R\000e\000f\000e\000r\000e\000n\000c\000e}{section.18}% 96
\BOOKMARK [2][-]{subsection.18.38}{\376\377\0001\0008\000.\0003\0008\000\040\000S\000U\000N\000L\000i\000n\000S\000o\000l\000S\000P\000T\000F\000Q\000M\000R\000\040\000C\000l\000a\000s\000s\000\040\000R\000e\000f\000e\000r\000e\000n\000c\000e}{section.18}% 97
\BOOKMARK [2][-]{subsection.18.39}{\376\377\0001\0008\000.\0003\0009\000\040\000S\000U\000N\000L\000i\000n\000S\000o\000l\000W\000r\000a\000p\000p\000e\000r\000\040\000C\000l\000a\000s\000s\000\040\000R\000e\000f\000e\000r\000e\000n\000c\000e}{section.18}% 98
\BOOKMARK [2][-]{subsection.18.40}{\376\377\0001\0008\000.\0004\0000\000\040\000S\000U\000N\000M\000a\000t\000r\000i\000x\000W\000r\000a\000p\000p\000e\000r\000\040\000C\000l\000a\000s\000s\000\040\000R\000e\000f\000e\000r\000e\000n\000c\000e}{section.18}% 99
\BOOKMARK [2][-]{subsection.18.41}{\376\377\0001\0008\000.\0004\0001\000\040\000S\000U\000N\000N\000o\000n\000L\000i\000n\000S\000o\000l\000F\000i\000x\000e\000d\000P\000o\000i\000n\000t\000\040\000C\000l\000a\000s\000s\000\040\000R\000e\000f\000e\000r\000e\000n\000c\000e}{section.18}% 100
\BOOKMARK [2][-]{subsection.18.42}{\376\377\0001\0008\000.\0004\0002\000\040\000S\000U\000N\000N\000o\000n\000L\000i\000n\000S\000o\000l\000N\000e\000w\000t\000o\000n\000\040\000C\000l\000a\000s\000s\000\040\000R\000e\000f\000e\000r\000e\000n\000c\000e}{section.18}% 101
\BOOKMARK [2][-]{subsection.18.43}{\376\377\0001\0008\000.\0004\0003\000\040\000S\000U\000N\000N\000o\000n\000L\000i\000n\000S\000o\000l\000W\000r\000a\000p\000p\000e\000r\000\040\000C\000l\000a\000s\000s\000\040\000R\000e\000f\000e\000r\000e\000n\000c\000e}{section.18}% 102
\BOOKMARK [2][-]{subsection.18.44}{\376\377\0001\0008\000.\0004\0004\000\040\000a\000m\000i\000d\000a\000t\000a\000\040\000C\000l\000a\000s\000s\000\040\000R\000e\000f\000e\000r\000e\000n\000c\000e}{section.18}% 103
\BOOKMARK [2][-]{subsection.18.45}{\376\377\0001\0008\000.\0004\0005\000\040\000a\000m\000i\000e\000v\000e\000n\000t\000\040\000C\000l\000a\000s\000s\000\040\000R\000e\000f\000e\000r\000e\000n\000c\000e}{section.18}% 104
\BOOKMARK [2][-]{subsection.18.46}{\376\377\0001\0008\000.\0004\0006\000\040\000a\000m\000i\000f\000u\000n\000\040\000C\000l\000a\000s\000s\000\040\000R\000e\000f\000e\000r\000e\000n\000c\000e}{section.18}% 105
\BOOKMARK [2][-]{subsection.18.47}{\376\377\0001\0008\000.\0004\0007\000\040\000a\000m\000i\000m\000o\000d\000e\000l\000\040\000C\000l\000a\000s\000s\000\040\000R\000e\000f\000e\000r\000e\000n\000c\000e}{section.18}% 106
\BOOKMARK [2][-]{subsection.18.48}{\376\377\0001\0008\000.\0004\0008\000\040\000a\000m\000i\000o\000p\000t\000i\000o\000n\000\040\000C\000l\000a\000s\000s\000\040\000R\000e\000f\000e\000r\000e\000n\000c\000e}{section.18}% 107
\BOOKMARK [2][-]{subsection.18.49}{\376\377\0001\0008\000.\0004\0009\000\040\000a\000m\000i\000s\000e\000d\000\040\000C\000l\000a\000s\000s\000\040\000R\000e\000f\000e\000r\000e\000n\000c\000e}{section.18}% 108
\BOOKMARK [2][-]{subsection.18.50}{\376\377\0001\0008\000.\0005\0000\000\040\000o\000p\000t\000s\000y\000m\000\040\000C\000l\000a\000s\000s\000\040\000R\000e\000f\000e\000r\000e\000n\000c\000e}{section.18}% 109
\BOOKMARK [1][-]{section.19}{\376\377\0001\0009\000\040\000F\000i\000l\000e\000\040\000D\000o\000c\000u\000m\000e\000n\000t\000a\000t\000i\000o\000n}{}% 110
\BOOKMARK [2][-]{subsection.19.1}{\376\377\0001\0009\000.\0001\000\040\000a\000m\000\137\000a\000n\000d\000.\000m\000\040\000F\000i\000l\000e\000\040\000R\000e\000f\000e\000r\000e\000n\000c\000e}{section.19}% 111
\BOOKMARK [2][-]{subsection.19.2}{\376\377\0001\0009\000.\0002\000\040\000a\000m\000\137\000e\000q\000.\000m\000\040\000F\000i\000l\000e\000\040\000R\000e\000f\000e\000r\000e\000n\000c\000e}{section.19}% 112
\BOOKMARK [2][-]{subsection.19.3}{\376\377\0001\0009\000.\0003\000\040\000a\000m\000\137\000g\000e\000.\000m\000\040\000F\000i\000l\000e\000\040\000R\000e\000f\000e\000r\000e\000n\000c\000e}{section.19}% 113
\BOOKMARK [2][-]{subsection.19.4}{\376\377\0001\0009\000.\0004\000\040\000a\000m\000\137\000g\000t\000.\000m\000\040\000F\000i\000l\000e\000\040\000R\000e\000f\000e\000r\000e\000n\000c\000e}{section.19}% 114
\BOOKMARK [2][-]{subsection.19.5}{\376\377\0001\0009\000.\0005\000\040\000a\000m\000\137\000i\000f\000.\000m\000\040\000F\000i\000l\000e\000\040\000R\000e\000f\000e\000r\000e\000n\000c\000e}{section.19}% 115
\BOOKMARK [2][-]{subsection.19.6}{\376\377\0001\0009\000.\0006\000\040\000a\000m\000\137\000l\000e\000.\000m\000\040\000F\000i\000l\000e\000\040\000R\000e\000f\000e\000r\000e\000n\000c\000e}{section.19}% 116
\BOOKMARK [2][-]{subsection.19.7}{\376\377\0001\0009\000.\0007\000\040\000a\000m\000\137\000l\000t\000.\000m\000\040\000F\000i\000l\000e\000\040\000R\000e\000f\000e\000r\000e\000n\000c\000e}{section.19}% 117
\BOOKMARK [2][-]{subsection.19.8}{\376\377\0001\0009\000.\0008\000\040\000a\000m\000\137\000m\000a\000x\000.\000m\000\040\000F\000i\000l\000e\000\040\000R\000e\000f\000e\000r\000e\000n\000c\000e}{section.19}% 118
\BOOKMARK [2][-]{subsection.19.9}{\376\377\0001\0009\000.\0009\000\040\000a\000m\000\137\000m\000i\000n\000.\000m\000\040\000F\000i\000l\000e\000\040\000R\000e\000f\000e\000r\000e\000n\000c\000e}{section.19}% 119
\BOOKMARK [2][-]{subsection.19.10}{\376\377\0001\0009\000.\0001\0000\000\040\000a\000m\000\137\000o\000r\000.\000m\000\040\000F\000i\000l\000e\000\040\000R\000e\000f\000e\000r\000e\000n\000c\000e}{section.19}% 120
\BOOKMARK [2][-]{subsection.19.11}{\376\377\0001\0009\000.\0001\0001\000\040\000a\000m\000\137\000p\000i\000e\000c\000e\000w\000i\000s\000e\000.\000m\000\040\000F\000i\000l\000e\000\040\000R\000e\000f\000e\000r\000e\000n\000c\000e}{section.19}% 121
\BOOKMARK [2][-]{subsection.19.12}{\376\377\0001\0009\000.\0001\0002\000\040\000a\000m\000\137\000s\000t\000e\000p\000f\000u\000n\000.\000m\000\040\000F\000i\000l\000e\000\040\000R\000e\000f\000e\000r\000e\000n\000c\000e}{section.19}% 122
\BOOKMARK [2][-]{subsection.19.13}{\376\377\0001\0009\000.\0001\0003\000\040\000a\000m\000\137\000x\000o\000r\000.\000m\000\040\000F\000i\000l\000e\000\040\000R\000e\000f\000e\000r\000e\000n\000c\000e}{section.19}% 123
\BOOKMARK [2][-]{subsection.19.14}{\376\377\0001\0009\000.\0001\0004\000\040\000a\000m\000i\000c\000i\000.\000c\000p\000p\000\040\000F\000i\000l\000e\000\040\000R\000e\000f\000e\000r\000e\000n\000c\000e}{section.19}% 124
\BOOKMARK [2][-]{subsection.19.15}{\376\377\0001\0009\000.\0001\0005\000\040\000a\000m\000i\000w\000r\000a\000p\000.\000m\000\040\000F\000i\000l\000e\000\040\000R\000e\000f\000e\000r\000e\000n\000c\000e}{section.19}% 125
\BOOKMARK [2][-]{subsection.19.16}{\376\377\0001\0009\000.\0001\0006\000\040\000c\000b\000l\000a\000s\000.\000c\000p\000p\000\040\000F\000i\000l\000e\000\040\000R\000e\000f\000e\000r\000e\000n\000c\000e}{section.19}% 126
\BOOKMARK [2][-]{subsection.19.17}{\376\377\0001\0009\000.\0001\0007\000\040\000i\000n\000t\000e\000r\000f\000a\000c\000e\000\137\000m\000a\000t\000l\000a\000b\000.\000c\000p\000p\000\040\000F\000i\000l\000e\000\040\000R\000e\000f\000e\000r\000e\000n\000c\000e}{section.19}% 127
\BOOKMARK [2][-]{subsection.19.18}{\376\377\0001\0009\000.\0001\0008\000\040\000S\000B\000M\000L\0002\000A\000M\000I\000C\000I\000.\000m\000\040\000F\000i\000l\000e\000\040\000R\000e\000f\000e\000r\000e\000n\000c\000e}{section.19}% 128
\BOOKMARK [2][-]{subsection.19.19}{\376\377\0001\0009\000.\0001\0009\000\040\000s\000p\000l\000i\000n\000e\000.\000c\000p\000p\000\040\000F\000i\000l\000e\000\040\000R\000e\000f\000e\000r\000e\000n\000c\000e}{section.19}% 129
\BOOKMARK [2][-]{subsection.19.20}{\376\377\0001\0009\000.\0002\0000\000\040\000s\000y\000m\000b\000o\000l\000i\000c\000\137\000f\000u\000n\000c\000t\000i\000o\000n\000s\000.\000c\000p\000p\000\040\000F\000i\000l\000e\000\040\000R\000e\000f\000e\000r\000e\000n\000c\000e}{section.19}% 130
