\BOOKMARK [1][-]{section.1}{\376\377\0001\000\040\000A\000M\000I\000C\000I\000\040\0000\000.\0001\000\040\000G\000e\000n\000e\000r\000a\000l\000\040\000D\000o\000c\000u\000m\000e\000n\000t\000a\000t\000i\000o\000n}{}% 1
\BOOKMARK [2][-]{subsection.1.1}{\376\377\0001\000.\0001\000\040\000I\000n\000t\000r\000o\000d\000u\000c\000t\000i\000o\000n}{section.1}% 2
\BOOKMARK [2][-]{subsection.1.2}{\376\377\0001\000.\0002\000\040\000A\000v\000a\000i\000l\000a\000b\000i\000l\000i\000t\000y}{section.1}% 3
\BOOKMARK [2][-]{subsection.1.3}{\376\377\0001\000.\0003\000\040\000I\000n\000s\000t\000a\000l\000l\000a\000t\000i\000o\000n}{section.1}% 4
\BOOKMARK [1][-]{section.2}{\376\377\0002\000\040\000M\000o\000d\000e\000l\000\040\000D\000e\000f\000i\000n\000i\000t\000i\000o\000n\000\040\000\046\000\040\000S\000i\000m\000u\000l\000a\000t\000i\000o\000n}{}% 5
\BOOKMARK [2][-]{subsection.2.1}{\376\377\0002\000.\0001\000\040\000M\000o\000d\000e\000l\000\040\000D\000e\000f\000i\000n\000i\000t\000i\000o\000n}{section.2}% 6
\BOOKMARK [2][-]{subsection.2.2}{\376\377\0002\000.\0002\000\040\000M\000o\000d\000e\000l\000\040\000C\000o\000m\000p\000i\000l\000a\000t\000i\000o\000n}{section.2}% 7
\BOOKMARK [2][-]{subsection.2.3}{\376\377\0002\000.\0003\000\040\000M\000o\000d\000e\000l\000\040\000S\000i\000m\000u\000l\000a\000t\000i\000o\000n}{section.2}% 8
\BOOKMARK [1][-]{section.3}{\376\377\0003\000\040\000E\000x\000a\000m\000p\000l\000e\000s}{}% 9
\BOOKMARK [2][-]{subsection.3.1}{\376\377\0003\000.\0001\000\040\000E\000x\000a\000m\000p\000l\000e\000\040\000E\000v\000e\000n\000t\000s}{section.3}% 10
\BOOKMARK [2][-]{subsection.3.2}{\376\377\0003\000.\0002\000\040\000E\000x\000a\000m\000p\000l\000e\000\040\000D\000i\000r\000a\000c}{section.3}% 11
\BOOKMARK [2][-]{subsection.3.3}{\376\377\0003\000.\0003\000\040\000E\000x\000a\000m\000p\000l\000e\000\040\000S\000t\000e\000a\000d\000y\000\040\000S\000t\000a\000t\000e}{section.3}% 12
\BOOKMARK [2][-]{subsection.3.4}{\376\377\0003\000.\0004\000\040\000E\000x\000a\000m\000p\000l\000e\000\040\000J\000A\000K\000/\000S\000T\000A\000T\000\040\000A\000d\000j\000o\000i\000n\000t}{section.3}% 13
\BOOKMARK [2][-]{subsection.3.5}{\376\377\0003\000.\0005\000\040\000E\000x\000a\000m\000p\000l\000e\000\040\000D\000i\000r\000a\000c\000\040\000A\000d\000j\000o\000i\000n\000t}{section.3}% 14
\BOOKMARK [2][-]{subsection.3.6}{\376\377\0003\000.\0006\000\040\000E\000x\000a\000m\000p\000l\000e\000\040\000D\000i\000r\000a\000c\000\040\000S\000e\000c\000o\000n\000d\000\040\000O\000r\000d\000e\000r\000\040\000F\000o\000r\000w\000a\000r\000d}{section.3}% 15
\BOOKMARK [2][-]{subsection.3.7}{\376\377\0003\000.\0007\000\040\000E\000x\000a\000m\000p\000l\000e\000\040\000D\000i\000r\000a\000c\000\040\000D\000i\000r\000e\000c\000t\000i\000o\000n\000a\000l\000\040\000S\000e\000c\000o\000n\000d\000\040\000O\000r\000d\000e\000r\000\040\000F\000o\000r\000w\000a\000r\000d}{section.3}% 16
\BOOKMARK [2][-]{subsection.3.8}{\376\377\0003\000.\0008\000\040\000E\000x\000a\000m\000p\000l\000e\000\040\000A\000d\000j\000o\000i\000n\000t}{section.3}% 17
\BOOKMARK [1][-]{section.4}{\376\377\0004\000\040\000C\000o\000d\000e\000\040\000O\000r\000g\000a\000n\000i\000z\000a\000t\000i\000o\000n}{}% 18
\BOOKMARK [1][-]{section.5}{\376\377\0005\000\040\000H\000i\000e\000r\000a\000r\000c\000h\000i\000c\000a\000l\000\040\000I\000n\000d\000e\000x}{}% 19
\BOOKMARK [2][-]{subsection.5.1}{\376\377\0005\000.\0001\000\040\000C\000l\000a\000s\000s\000\040\000H\000i\000e\000r\000a\000r\000c\000h\000y}{section.5}% 20
\BOOKMARK [1][-]{section.6}{\376\377\0006\000\040\000C\000l\000a\000s\000s\000\040\000I\000n\000d\000e\000x}{}% 21
\BOOKMARK [2][-]{subsection.6.1}{\376\377\0006\000.\0001\000\040\000C\000l\000a\000s\000s\000\040\000L\000i\000s\000t}{section.6}% 22
\BOOKMARK [1][-]{section.7}{\376\377\0007\000\040\000C\000l\000a\000s\000s\000\040\000D\000o\000c\000u\000m\000e\000n\000t\000a\000t\000i\000o\000n}{}% 23
\BOOKMARK [2][-]{subsection.7.1}{\376\377\0007\000.\0001\000\040\000a\000m\000i\000d\000a\000t\000a\000\040\000C\000l\000a\000s\000s\000\040\000R\000e\000f\000e\000r\000e\000n\000c\000e}{section.7}% 24
\BOOKMARK [2][-]{subsection.7.2}{\376\377\0007\000.\0002\000\040\000a\000m\000i\000e\000v\000e\000n\000t\000\040\000C\000l\000a\000s\000s\000\040\000R\000e\000f\000e\000r\000e\000n\000c\000e}{section.7}% 25
\BOOKMARK [2][-]{subsection.7.3}{\376\377\0007\000.\0003\000\040\000a\000m\000i\000f\000u\000n\000\040\000C\000l\000a\000s\000s\000\040\000R\000e\000f\000e\000r\000e\000n\000c\000e}{section.7}% 26
\BOOKMARK [2][-]{subsection.7.4}{\376\377\0007\000.\0004\000\040\000a\000m\000i\000m\000o\000d\000e\000l\000\040\000C\000l\000a\000s\000s\000\040\000R\000e\000f\000e\000r\000e\000n\000c\000e}{section.7}% 27
\BOOKMARK [2][-]{subsection.7.5}{\376\377\0007\000.\0005\000\040\000a\000m\000i\000o\000p\000t\000i\000o\000n\000\040\000C\000l\000a\000s\000s\000\040\000R\000e\000f\000e\000r\000e\000n\000c\000e}{section.7}% 28
\BOOKMARK [2][-]{subsection.7.6}{\376\377\0007\000.\0006\000\040\000E\000x\000p\000D\000a\000t\000a\000\040\000S\000t\000r\000u\000c\000t\000\040\000R\000e\000f\000e\000r\000e\000n\000c\000e}{section.7}% 29
\BOOKMARK [2][-]{subsection.7.7}{\376\377\0007\000.\0007\000\040\000m\000o\000d\000e\000l\000T\000e\000s\000t\000\040\000C\000l\000a\000s\000s\000\040\000R\000e\000f\000e\000r\000e\000n\000c\000e}{section.7}% 30
\BOOKMARK [2][-]{subsection.7.8}{\376\377\0007\000.\0008\000\040\000o\000p\000t\000s\000y\000m\000\040\000C\000l\000a\000s\000s\000\040\000R\000e\000f\000e\000r\000e\000n\000c\000e}{section.7}% 31
\BOOKMARK [2][-]{subsection.7.9}{\376\377\0007\000.\0009\000\040\000R\000e\000t\000u\000r\000n\000D\000a\000t\000a\000\040\000S\000t\000r\000u\000c\000t\000\040\000R\000e\000f\000e\000r\000e\000n\000c\000e}{section.7}% 32
\BOOKMARK [2][-]{subsection.7.10}{\376\377\0007\000.\0001\0000\000\040\000S\000B\000M\000L\000o\000d\000e\000\040\000C\000l\000a\000s\000s\000\040\000R\000e\000f\000e\000r\000e\000n\000c\000e}{section.7}% 33
\BOOKMARK [2][-]{subsection.7.11}{\376\377\0007\000.\0001\0001\000\040\000T\000e\000m\000p\000D\000a\000t\000a\000\040\000S\000t\000r\000u\000c\000t\000\040\000R\000e\000f\000e\000r\000e\000n\000c\000e}{section.7}% 34
\BOOKMARK [2][-]{subsection.7.12}{\376\377\0007\000.\0001\0002\000\040\000U\000s\000e\000r\000D\000a\000t\000a\000\040\000S\000t\000r\000u\000c\000t\000\040\000R\000e\000f\000e\000r\000e\000n\000c\000e}{section.7}% 35
\BOOKMARK [1][-]{section.8}{\376\377\0008\000\040\000F\000i\000l\000e\000\040\000D\000o\000c\000u\000m\000e\000n\000t\000a\000t\000i\000o\000n}{}% 36
\BOOKMARK [2][-]{subsection.8.1}{\376\377\0008\000.\0001\000\040\000a\000m\000i\000w\000r\000a\000p\000.\000c\000\040\000F\000i\000l\000e\000\040\000R\000e\000f\000e\000r\000e\000n\000c\000e}{section.8}% 37
\BOOKMARK [2][-]{subsection.8.2}{\376\377\0008\000.\0002\000\040\000a\000m\000i\000w\000r\000a\000p\000.\000m\000\040\000F\000i\000l\000e\000\040\000R\000e\000f\000e\000r\000e\000n\000c\000e}{section.8}% 38
\BOOKMARK [2][-]{subsection.8.3}{\376\377\0008\000.\0003\000\040\000S\000B\000M\000L\0002\000A\000M\000I\000C\000I\000.\000m\000\040\000F\000i\000l\000e\000\040\000R\000e\000f\000e\000r\000e\000n\000c\000e}{section.8}% 39
\BOOKMARK [2][-]{subsection.8.4}{\376\377\0008\000.\0004\000\040\000s\000r\000c\000/\000a\000m\000i\000c\000i\000.\000c\000\040\000F\000i\000l\000e\000\040\000R\000e\000f\000e\000r\000e\000n\000c\000e}{section.8}% 40
\BOOKMARK [2][-]{subsection.8.5}{\376\377\0008\000.\0005\000\040\000s\000r\000c\000/\000s\000p\000l\000i\000n\000e\000.\000c\000\040\000F\000i\000l\000e\000\040\000R\000e\000f\000e\000r\000e\000n\000c\000e}{section.8}% 41
\BOOKMARK [2][-]{subsection.8.6}{\376\377\0008\000.\0006\000\040\000s\000r\000c\000/\000s\000y\000m\000b\000o\000l\000i\000c\000\137\000f\000u\000n\000c\000t\000i\000o\000n\000s\000.\000c\000\040\000F\000i\000l\000e\000\040\000R\000e\000f\000e\000r\000e\000n\000c\000e}{section.8}% 42
\BOOKMARK [2][-]{subsection.8.7}{\376\377\0008\000.\0007\000\040\000s\000y\000m\000b\000o\000l\000i\000c\000/\000a\000m\000\137\000a\000n\000d\000.\000m\000\040\000F\000i\000l\000e\000\040\000R\000e\000f\000e\000r\000e\000n\000c\000e}{section.8}% 43
\BOOKMARK [2][-]{subsection.8.8}{\376\377\0008\000.\0008\000\040\000s\000y\000m\000b\000o\000l\000i\000c\000/\000a\000m\000\137\000g\000e\000.\000m\000\040\000F\000i\000l\000e\000\040\000R\000e\000f\000e\000r\000e\000n\000c\000e}{section.8}% 44
\BOOKMARK [2][-]{subsection.8.9}{\376\377\0008\000.\0009\000\040\000s\000y\000m\000b\000o\000l\000i\000c\000/\000a\000m\000\137\000g\000t\000.\000m\000\040\000F\000i\000l\000e\000\040\000R\000e\000f\000e\000r\000e\000n\000c\000e}{section.8}% 45
\BOOKMARK [2][-]{subsection.8.10}{\376\377\0008\000.\0001\0000\000\040\000s\000y\000m\000b\000o\000l\000i\000c\000/\000a\000m\000\137\000i\000f\000.\000m\000\040\000F\000i\000l\000e\000\040\000R\000e\000f\000e\000r\000e\000n\000c\000e}{section.8}% 46
\BOOKMARK [2][-]{subsection.8.11}{\376\377\0008\000.\0001\0001\000\040\000s\000y\000m\000b\000o\000l\000i\000c\000/\000a\000m\000\137\000l\000e\000.\000m\000\040\000F\000i\000l\000e\000\040\000R\000e\000f\000e\000r\000e\000n\000c\000e}{section.8}% 47
\BOOKMARK [2][-]{subsection.8.12}{\376\377\0008\000.\0001\0002\000\040\000s\000y\000m\000b\000o\000l\000i\000c\000/\000a\000m\000\137\000l\000t\000.\000m\000\040\000F\000i\000l\000e\000\040\000R\000e\000f\000e\000r\000e\000n\000c\000e}{section.8}% 48
\BOOKMARK [2][-]{subsection.8.13}{\376\377\0008\000.\0001\0003\000\040\000s\000y\000m\000b\000o\000l\000i\000c\000/\000a\000m\000\137\000m\000a\000x\000.\000m\000\040\000F\000i\000l\000e\000\040\000R\000e\000f\000e\000r\000e\000n\000c\000e}{section.8}% 49
\BOOKMARK [2][-]{subsection.8.14}{\376\377\0008\000.\0001\0004\000\040\000s\000y\000m\000b\000o\000l\000i\000c\000/\000a\000m\000\137\000m\000i\000n\000.\000m\000\040\000F\000i\000l\000e\000\040\000R\000e\000f\000e\000r\000e\000n\000c\000e}{section.8}% 50
\BOOKMARK [2][-]{subsection.8.15}{\376\377\0008\000.\0001\0005\000\040\000s\000y\000m\000b\000o\000l\000i\000c\000/\000a\000m\000\137\000o\000r\000.\000m\000\040\000F\000i\000l\000e\000\040\000R\000e\000f\000e\000r\000e\000n\000c\000e}{section.8}% 51
\BOOKMARK [2][-]{subsection.8.16}{\376\377\0008\000.\0001\0006\000\040\000s\000y\000m\000b\000o\000l\000i\000c\000/\000a\000m\000\137\000s\000t\000e\000p\000f\000u\000n\000.\000m\000\040\000F\000i\000l\000e\000\040\000R\000e\000f\000e\000r\000e\000n\000c\000e}{section.8}% 52
\BOOKMARK [1][-]{section*.39}{\376\377\000I\000n\000d\000e\000x}{}% 53
