This is pdfTeX, Version 3.14159265-2.6-1.40.16 (TeX Live 2015) (preloaded format=pdflatex 2015.9.28)  5 NOV 2015 12:21
entering extended mode
 restricted \write18 enabled.
 %&-line parsing enabled.
**refman
(./refman.tex
LaTeX2e <2015/01/01>
Babel <3.9l> and hyphenation patterns for 79 languages loaded.

(/usr/local/texlive/2015/texmf-dist/tex/latex/base/article.cls
Document Class: article 2014/09/29 v1.4h Standard LaTeX document class
(/usr/local/texlive/2015/texmf-dist/tex/latex/base/size10.clo
File: size10.clo 2014/09/29 v1.4h Standard LaTeX file (size option)
)
\c@part=\count79
\c@section=\count80
\c@subsection=\count81
\c@subsubsection=\count82
\c@paragraph=\count83
\c@subparagraph=\count84
\c@figure=\count85
\c@table=\count86
\abovecaptionskip=\skip41
\belowcaptionskip=\skip42
\bibindent=\dimen102
) (/usr/local/texlive/2015/texmf-dist/tex/latex/base/fixltx2e.sty
Package: fixltx2e 2015/02/21 v2.0a fixes to LaTeX (obsolete)

Package fixltx2e Warning: fixltx2e is not required with releases after 2015
(fixltx2e)                All fixes are now in the LaTeX kernel.
(fixltx2e)                See the latexrelease package for details.

) (/usr/local/texlive/2015/texmf-dist/tex/latex/tools/calc.sty
Package: calc 2014/10/28 v4.3 Infix arithmetic (KKT,FJ)
\calc@Acount=\count87
\calc@Bcount=\count88
\calc@Adimen=\dimen103
\calc@Bdimen=\dimen104
\calc@Askip=\skip43
\calc@Bskip=\skip44
LaTeX Info: Redefining \setlength on input line 80.
LaTeX Info: Redefining \addtolength on input line 81.
\calc@Ccount=\count89
\calc@Cskip=\skip45
) (./doxygen.sty
Package: doxygen 
(/usr/local/texlive/2015/texmf-dist/tex/latex/base/alltt.sty
Package: alltt 1997/06/16 v2.0g defines alltt environment
) (/usr/local/texlive/2015/texmf-dist/tex/latex/tools/array.sty
Package: array 2014/10/28 v2.4c Tabular extension package (FMi)
\col@sep=\dimen105
\extrarowheight=\dimen106
\NC@list=\toks14
\extratabsurround=\skip46
\backup@length=\skip47
) (/usr/local/texlive/2015/texmf-dist/tex/latex/float/float.sty
Package: float 2001/11/08 v1.3d Float enhancements (AL)
\c@float@type=\count90
\float@exts=\toks15
\float@box=\box26
\@float@everytoks=\toks16
\@floatcapt=\box27
) (/usr/local/texlive/2015/texmf-dist/tex/latex/base/ifthen.sty
Package: ifthen 2014/09/29 v1.1c Standard LaTeX ifthen package (DPC)
) (/usr/local/texlive/2015/texmf-dist/tex/latex/tools/verbatim.sty
Package: verbatim 2014/10/28 v1.5q LaTeX2e package for verbatim enhancements
\every@verbatim=\toks17
\verbatim@line=\toks18
\verbatim@in@stream=\read1
) (/usr/local/texlive/2015/texmf-dist/tex/latex/xcolor/xcolor.sty
Package: xcolor 2007/01/21 v2.11 LaTeX color extensions (UK)
(/usr/local/texlive/2015/texmf-dist/tex/latex/latexconfig/color.cfg
File: color.cfg 2007/01/18 v1.5 color configuration of teTeX/TeXLive
)
Package xcolor Info: Driver file: pdftex.def on input line 225.
(/usr/local/texlive/2015/texmf-dist/tex/latex/pdftex-def/pdftex.def
File: pdftex.def 2011/05/27 v0.06d Graphics/color for pdfTeX
(/usr/local/texlive/2015/texmf-dist/tex/generic/oberdiek/infwarerr.sty
Package: infwarerr 2010/04/08 v1.3 Providing info/warning/error messages (HO)
) (/usr/local/texlive/2015/texmf-dist/tex/generic/oberdiek/ltxcmds.sty
Package: ltxcmds 2011/11/09 v1.22 LaTeX kernel commands for general use (HO)
)
\Gread@gobject=\count91
) (/usr/local/texlive/2015/texmf-dist/tex/latex/colortbl/colortbl.sty
Package: colortbl 2012/02/13 v1.0a Color table columns (DPC)
\everycr=\toks19
\minrowclearance=\skip48
)
\rownum=\count92
Package xcolor Info: Model `cmy' substituted by `cmy0' on input line 1337.
Package xcolor Info: Model `hsb' substituted by `rgb' on input line 1341.
Package xcolor Info: Model `RGB' extended on input line 1353.
Package xcolor Info: Model `HTML' substituted by `rgb' on input line 1355.
Package xcolor Info: Model `Hsb' substituted by `hsb' on input line 1356.
Package xcolor Info: Model `tHsb' substituted by `hsb' on input line 1357.
Package xcolor Info: Model `HSB' substituted by `hsb' on input line 1358.
Package xcolor Info: Model `Gray' substituted by `gray' on input line 1359.
Package xcolor Info: Model `wave' substituted by `hsb' on input line 1360.
) (/usr/local/texlive/2015/texmf-dist/tex/latex/xtab/xtab.sty
Package: xtab 2011/07/31 v2.3f Extended supertabular package
\c@tracingst=\count93
\PWSTcapht=\dimen107
\ST@wd=\dimen108
\ST@rightskip=\skip49
\ST@leftskip=\skip50
\ST@parfillskip=\skip51
\c@PWSTtable=\count94
\PWSTlastpage=\count95
\PWSTpenultimate=\count96
\PWSTcurpage=\count97
\PWSTtempc=\count98
\PWSTlines=\count99
\PWST@lastht=\dimen109
\PWST@generalht=\dimen110
\PWST@ht=\dimen111
\ST@pageleft=\dimen112
\ST@headht=\dimen113
\ST@tailht=\dimen114
\ST@pagesofar=\dimen115
\ST@pboxht=\dimen116
\ST@lineht=\dimen117
\ST@stretchht=\dimen118
\ST@prevht=\dimen119
\ST@toadd=\dimen120
\ST@dimen=\dimen121
\ST@pbox=\box28
)
\xrefbox=\box29
\xreflength=\skip52
\tmplength=\skip53
) (/usr/local/texlive/2015/texmf-dist/tex/latex/adjustbox/adjustbox.sty
Package: adjustbox 2012/05/21 v1.0 Adjusting TeX boxes (trim, clip, ...)
(/usr/local/texlive/2015/texmf-dist/tex/latex/xkeyval/xkeyval.sty
Package: xkeyval 2014/12/03 v2.7a package option processing (HA)
(/usr/local/texlive/2015/texmf-dist/tex/generic/xkeyval/xkeyval.tex (/usr/local
/texlive/2015/texmf-dist/tex/generic/xkeyval/xkvutils.tex
\XKV@toks=\toks20
\XKV@tempa@toks=\toks21
(/usr/local/texlive/2015/texmf-dist/tex/generic/xkeyval/keyval.tex))
\XKV@depth=\count100
File: xkeyval.tex 2014/12/03 v2.7a key=value parser (HA)
)) (/usr/local/texlive/2015/texmf-dist/tex/latex/adjustbox/adjcalc.sty
Package: adjcalc 2012/05/16 v1.1 Provides advanced setlength with multiple back
-ends (calc, etex, pgfmath)
) (/usr/local/texlive/2015/texmf-dist/tex/latex/adjustbox/trimclip.sty
Package: trimclip 2012/05/16 v1.0 Trim and clip general TeX material
(/usr/local/texlive/2015/texmf-dist/tex/latex/graphics/graphicx.sty
Package: graphicx 2014/10/28 v1.0g Enhanced LaTeX Graphics (DPC,SPQR)
(/usr/local/texlive/2015/texmf-dist/tex/latex/graphics/graphics.sty
Package: graphics 2014/10/28 v1.0p Standard LaTeX Graphics (DPC,SPQR)
(/usr/local/texlive/2015/texmf-dist/tex/latex/graphics/trig.sty
Package: trig 1999/03/16 v1.09 sin cos tan (DPC)
) (/usr/local/texlive/2015/texmf-dist/tex/latex/latexconfig/graphics.cfg
File: graphics.cfg 2010/04/23 v1.9 graphics configuration of TeX Live
)
Package graphics Info: Driver file: pdftex.def on input line 94.
)
\Gin@req@height=\dimen122
\Gin@req@width=\dimen123
) (/usr/local/texlive/2015/texmf-dist/tex/latex/collectbox/collectbox.sty
Package: collectbox 2012/05/17 v0.4b Collect macro arguments as boxes
\collectedbox=\box30
)
\tc@llx=\dimen124
\tc@lly=\dimen125
\tc@urx=\dimen126
\tc@ury=\dimen127
Package trimclip Info: Using driver 'tc-pdftex.def'.
(/usr/local/texlive/2015/texmf-dist/tex/latex/adjustbox/tc-pdftex.def
File: tc-pdftex.def 2012/05/13 v1.0 Clipping driver for pdftex
))
\adjbox@Width=\dimen128
\adjbox@Height=\dimen129
\adjbox@Depth=\dimen130
\adjbox@Totalheight=\dimen131
(/usr/local/texlive/2015/texmf-dist/tex/latex/ifoddpage/ifoddpage.sty
Package: ifoddpage 2011/09/13 v1.0 Conditionals for odd/even page detection
\c@checkoddpage=\count101
) (/usr/local/texlive/2015/texmf-dist/tex/latex/varwidth/varwidth.sty
Package: varwidth 2009/03/30 ver 0.92;  Variable-width minipages
\@vwid@box=\box31
\sift@deathcycles=\count102
\@vwid@loff=\dimen132
\@vwid@roff=\dimen133
)) (/usr/local/texlive/2015/texmf-dist/tex/latex/base/inputenc.sty
Package: inputenc 2015/03/17 v1.2c Input encoding file
\inpenc@prehook=\toks22
\inpenc@posthook=\toks23
(/usr/local/texlive/2015/texmf-dist/tex/latex/base/utf8.def
File: utf8.def 2014/09/29 v1.1m UTF-8 support for inputenc
Now handling font encoding OML ...
... no UTF-8 mapping file for font encoding OML
Now handling font encoding T1 ...
... processing UTF-8 mapping file for font encoding T1
(/usr/local/texlive/2015/texmf-dist/tex/latex/base/t1enc.dfu
File: t1enc.dfu 2014/09/29 v1.1m UTF-8 support for inputenc
   defining Unicode char U+00A1 (decimal 161)
   defining Unicode char U+00A3 (decimal 163)
   defining Unicode char U+00AB (decimal 171)
   defining Unicode char U+00BB (decimal 187)
   defining Unicode char U+00BF (decimal 191)
   defining Unicode char U+00C0 (decimal 192)
   defining Unicode char U+00C1 (decimal 193)
   defining Unicode char U+00C2 (decimal 194)
   defining Unicode char U+00C3 (decimal 195)
   defining Unicode char U+00C4 (decimal 196)
   defining Unicode char U+00C5 (decimal 197)
   defining Unicode char U+00C6 (decimal 198)
   defining Unicode char U+00C7 (decimal 199)
   defining Unicode char U+00C8 (decimal 200)
   defining Unicode char U+00C9 (decimal 201)
   defining Unicode char U+00CA (decimal 202)
   defining Unicode char U+00CB (decimal 203)
   defining Unicode char U+00CC (decimal 204)
   defining Unicode char U+00CD (decimal 205)
   defining Unicode char U+00CE (decimal 206)
   defining Unicode char U+00CF (decimal 207)
   defining Unicode char U+00D0 (decimal 208)
   defining Unicode char U+00D1 (decimal 209)
   defining Unicode char U+00D2 (decimal 210)
   defining Unicode char U+00D3 (decimal 211)
   defining Unicode char U+00D4 (decimal 212)
   defining Unicode char U+00D5 (decimal 213)
   defining Unicode char U+00D6 (decimal 214)
   defining Unicode char U+00D8 (decimal 216)
   defining Unicode char U+00D9 (decimal 217)
   defining Unicode char U+00DA (decimal 218)
   defining Unicode char U+00DB (decimal 219)
   defining Unicode char U+00DC (decimal 220)
   defining Unicode char U+00DD (decimal 221)
   defining Unicode char U+00DE (decimal 222)
   defining Unicode char U+00DF (decimal 223)
   defining Unicode char U+00E0 (decimal 224)
   defining Unicode char U+00E1 (decimal 225)
   defining Unicode char U+00E2 (decimal 226)
   defining Unicode char U+00E3 (decimal 227)
   defining Unicode char U+00E4 (decimal 228)
   defining Unicode char U+00E5 (decimal 229)
   defining Unicode char U+00E6 (decimal 230)
   defining Unicode char U+00E7 (decimal 231)
   defining Unicode char U+00E8 (decimal 232)
   defining Unicode char U+00E9 (decimal 233)
   defining Unicode char U+00EA (decimal 234)
   defining Unicode char U+00EB (decimal 235)
   defining Unicode char U+00EC (decimal 236)
   defining Unicode char U+00ED (decimal 237)
   defining Unicode char U+00EE (decimal 238)
   defining Unicode char U+00EF (decimal 239)
   defining Unicode char U+00F0 (decimal 240)
   defining Unicode char U+00F1 (decimal 241)
   defining Unicode char U+00F2 (decimal 242)
   defining Unicode char U+00F3 (decimal 243)
   defining Unicode char U+00F4 (decimal 244)
   defining Unicode char U+00F5 (decimal 245)
   defining Unicode char U+00F6 (decimal 246)
   defining Unicode char U+00F8 (decimal 248)
   defining Unicode char U+00F9 (decimal 249)
   defining Unicode char U+00FA (decimal 250)
   defining Unicode char U+00FB (decimal 251)
   defining Unicode char U+00FC (decimal 252)
   defining Unicode char U+00FD (decimal 253)
   defining Unicode char U+00FE (decimal 254)
   defining Unicode char U+00FF (decimal 255)
   defining Unicode char U+0102 (decimal 258)
   defining Unicode char U+0103 (decimal 259)
   defining Unicode char U+0104 (decimal 260)
   defining Unicode char U+0105 (decimal 261)
   defining Unicode char U+0106 (decimal 262)
   defining Unicode char U+0107 (decimal 263)
   defining Unicode char U+010C (decimal 268)
   defining Unicode char U+010D (decimal 269)
   defining Unicode char U+010E (decimal 270)
   defining Unicode char U+010F (decimal 271)
   defining Unicode char U+0110 (decimal 272)
   defining Unicode char U+0111 (decimal 273)
   defining Unicode char U+0118 (decimal 280)
   defining Unicode char U+0119 (decimal 281)
   defining Unicode char U+011A (decimal 282)
   defining Unicode char U+011B (decimal 283)
   defining Unicode char U+011E (decimal 286)
   defining Unicode char U+011F (decimal 287)
   defining Unicode char U+0130 (decimal 304)
   defining Unicode char U+0131 (decimal 305)
   defining Unicode char U+0132 (decimal 306)
   defining Unicode char U+0133 (decimal 307)
   defining Unicode char U+0139 (decimal 313)
   defining Unicode char U+013A (decimal 314)
   defining Unicode char U+013D (decimal 317)
   defining Unicode char U+013E (decimal 318)
   defining Unicode char U+0141 (decimal 321)
   defining Unicode char U+0142 (decimal 322)
   defining Unicode char U+0143 (decimal 323)
   defining Unicode char U+0144 (decimal 324)
   defining Unicode char U+0147 (decimal 327)
   defining Unicode char U+0148 (decimal 328)
   defining Unicode char U+014A (decimal 330)
   defining Unicode char U+014B (decimal 331)
   defining Unicode char U+0150 (decimal 336)
   defining Unicode char U+0151 (decimal 337)
   defining Unicode char U+0152 (decimal 338)
   defining Unicode char U+0153 (decimal 339)
   defining Unicode char U+0154 (decimal 340)
   defining Unicode char U+0155 (decimal 341)
   defining Unicode char U+0158 (decimal 344)
   defining Unicode char U+0159 (decimal 345)
   defining Unicode char U+015A (decimal 346)
   defining Unicode char U+015B (decimal 347)
   defining Unicode char U+015E (decimal 350)
   defining Unicode char U+015F (decimal 351)
   defining Unicode char U+0160 (decimal 352)
   defining Unicode char U+0161 (decimal 353)
   defining Unicode char U+0162 (decimal 354)
   defining Unicode char U+0163 (decimal 355)
   defining Unicode char U+0164 (decimal 356)
   defining Unicode char U+0165 (decimal 357)
   defining Unicode char U+016E (decimal 366)
   defining Unicode char U+016F (decimal 367)
   defining Unicode char U+0170 (decimal 368)
   defining Unicode char U+0171 (decimal 369)
   defining Unicode char U+0178 (decimal 376)
   defining Unicode char U+0179 (decimal 377)
   defining Unicode char U+017A (decimal 378)
   defining Unicode char U+017B (decimal 379)
   defining Unicode char U+017C (decimal 380)
   defining Unicode char U+017D (decimal 381)
   defining Unicode char U+017E (decimal 382)
   defining Unicode char U+200C (decimal 8204)
   defining Unicode char U+2013 (decimal 8211)
   defining Unicode char U+2014 (decimal 8212)
   defining Unicode char U+2018 (decimal 8216)
   defining Unicode char U+2019 (decimal 8217)
   defining Unicode char U+201A (decimal 8218)
   defining Unicode char U+201C (decimal 8220)
   defining Unicode char U+201D (decimal 8221)
   defining Unicode char U+201E (decimal 8222)
   defining Unicode char U+2030 (decimal 8240)
   defining Unicode char U+2031 (decimal 8241)
   defining Unicode char U+2039 (decimal 8249)
   defining Unicode char U+203A (decimal 8250)
   defining Unicode char U+2423 (decimal 9251)
)
Now handling font encoding OT1 ...
... processing UTF-8 mapping file for font encoding OT1
(/usr/local/texlive/2015/texmf-dist/tex/latex/base/ot1enc.dfu
File: ot1enc.dfu 2014/09/29 v1.1m UTF-8 support for inputenc
   defining Unicode char U+00A1 (decimal 161)
   defining Unicode char U+00A3 (decimal 163)
   defining Unicode char U+00B8 (decimal 184)
   defining Unicode char U+00BF (decimal 191)
   defining Unicode char U+00C5 (decimal 197)
   defining Unicode char U+00C6 (decimal 198)
   defining Unicode char U+00D8 (decimal 216)
   defining Unicode char U+00DF (decimal 223)
   defining Unicode char U+00E6 (decimal 230)
   defining Unicode char U+00EC (decimal 236)
   defining Unicode char U+00ED (decimal 237)
   defining Unicode char U+00EE (decimal 238)
   defining Unicode char U+00EF (decimal 239)
   defining Unicode char U+00F8 (decimal 248)
   defining Unicode char U+0131 (decimal 305)
   defining Unicode char U+0141 (decimal 321)
   defining Unicode char U+0142 (decimal 322)
   defining Unicode char U+0152 (decimal 338)
   defining Unicode char U+0153 (decimal 339)
   defining Unicode char U+2013 (decimal 8211)
   defining Unicode char U+2014 (decimal 8212)
   defining Unicode char U+2018 (decimal 8216)
   defining Unicode char U+2019 (decimal 8217)
   defining Unicode char U+201C (decimal 8220)
   defining Unicode char U+201D (decimal 8221)
)
Now handling font encoding OMS ...
... processing UTF-8 mapping file for font encoding OMS
(/usr/local/texlive/2015/texmf-dist/tex/latex/base/omsenc.dfu
File: omsenc.dfu 2014/09/29 v1.1m UTF-8 support for inputenc
   defining Unicode char U+00A7 (decimal 167)
   defining Unicode char U+00B6 (decimal 182)
   defining Unicode char U+00B7 (decimal 183)
   defining Unicode char U+2020 (decimal 8224)
   defining Unicode char U+2021 (decimal 8225)
   defining Unicode char U+2022 (decimal 8226)
)
Now handling font encoding OMX ...
... no UTF-8 mapping file for font encoding OMX
Now handling font encoding U ...
... no UTF-8 mapping file for font encoding U
   defining Unicode char U+00A9 (decimal 169)
   defining Unicode char U+00AA (decimal 170)
   defining Unicode char U+00AE (decimal 174)
   defining Unicode char U+00BA (decimal 186)
   defining Unicode char U+02C6 (decimal 710)
   defining Unicode char U+02DC (decimal 732)
   defining Unicode char U+200C (decimal 8204)
   defining Unicode char U+2026 (decimal 8230)
   defining Unicode char U+2122 (decimal 8482)
   defining Unicode char U+2423 (decimal 9251)
)) (/usr/local/texlive/2015/texmf-dist/tex/latex/base/makeidx.sty
Package: makeidx 2014/09/29 v1.0m Standard LaTeX package
) (/usr/local/texlive/2015/texmf-dist/tex/latex/tools/multicol.sty
Package: multicol 2015/03/31 v1.8m multicolumn formatting (FMi)
\c@tracingmulticols=\count103
\mult@box=\box32
\multicol@leftmargin=\dimen134
\c@unbalance=\count104
\c@collectmore=\count105
\doublecol@number=\count106
\multicoltolerance=\count107
\multicolpretolerance=\count108
\full@width=\dimen135
\page@free=\dimen136
\premulticols=\dimen137
\postmulticols=\dimen138
\multicolsep=\skip54
\multicolbaselineskip=\skip55
\partial@page=\box33
\last@line=\box34
\maxbalancingoverflow=\dimen139
\mult@rightbox=\box35
\mult@grightbox=\box36
\mult@gfirstbox=\box37
\mult@firstbox=\box38
\@tempa=\box39
\@tempa=\box40
\@tempa=\box41
\@tempa=\box42
\@tempa=\box43
\@tempa=\box44
\@tempa=\box45
\@tempa=\box46
\@tempa=\box47
\@tempa=\box48
\@tempa=\box49
\@tempa=\box50
\@tempa=\box51
\@tempa=\box52
\@tempa=\box53
\@tempa=\box54
\@tempa=\box55
\c@columnbadness=\count109
\c@finalcolumnbadness=\count110
\last@try=\dimen140
\multicolovershoot=\dimen141
\multicolundershoot=\dimen142
\mult@nat@firstbox=\box56
\colbreak@box=\box57
\mc@col@check@num=\count111
) (/usr/local/texlive/2015/texmf-dist/tex/latex/multirow/multirow.sty
\bigstrutjot=\dimen143
) (/usr/local/texlive/2015/texmf-dist/tex/latex/base/textcomp.sty
Package: textcomp 2005/09/27 v1.99g Standard LaTeX package
Package textcomp Info: Sub-encoding information:
(textcomp)               5 = only ISO-Adobe without \textcurrency
(textcomp)               4 = 5 + \texteuro
(textcomp)               3 = 4 + \textohm
(textcomp)               2 = 3 + \textestimated + \textcurrency
(textcomp)               1 = TS1 - \textcircled - \t
(textcomp)               0 = TS1 (full)
(textcomp)             Font families with sub-encoding setting implement
(textcomp)             only a restricted character set as indicated.
(textcomp)             Family '?' is the default used for unknown fonts.
(textcomp)             See the documentation for details.
Package textcomp Info: Setting ? sub-encoding to TS1/1 on input line 79.
(/usr/local/texlive/2015/texmf-dist/tex/latex/base/ts1enc.def
File: ts1enc.def 2001/06/05 v3.0e (jk/car/fm) Standard LaTeX file
Now handling font encoding TS1 ...
... processing UTF-8 mapping file for font encoding TS1
(/usr/local/texlive/2015/texmf-dist/tex/latex/base/ts1enc.dfu
File: ts1enc.dfu 2014/09/29 v1.1m UTF-8 support for inputenc
   defining Unicode char U+00A2 (decimal 162)
   defining Unicode char U+00A3 (decimal 163)
   defining Unicode char U+00A4 (decimal 164)
   defining Unicode char U+00A5 (decimal 165)
   defining Unicode char U+00A6 (decimal 166)
   defining Unicode char U+00A7 (decimal 167)
   defining Unicode char U+00A8 (decimal 168)
   defining Unicode char U+00A9 (decimal 169)
   defining Unicode char U+00AA (decimal 170)
   defining Unicode char U+00AC (decimal 172)
   defining Unicode char U+00AE (decimal 174)
   defining Unicode char U+00AF (decimal 175)
   defining Unicode char U+00B0 (decimal 176)
   defining Unicode char U+00B1 (decimal 177)
   defining Unicode char U+00B2 (decimal 178)
   defining Unicode char U+00B3 (decimal 179)
   defining Unicode char U+00B4 (decimal 180)
   defining Unicode char U+00B5 (decimal 181)
   defining Unicode char U+00B6 (decimal 182)
   defining Unicode char U+00B7 (decimal 183)
   defining Unicode char U+00B9 (decimal 185)
   defining Unicode char U+00BA (decimal 186)
   defining Unicode char U+00BC (decimal 188)
   defining Unicode char U+00BD (decimal 189)
   defining Unicode char U+00BE (decimal 190)
   defining Unicode char U+00D7 (decimal 215)
   defining Unicode char U+00F7 (decimal 247)
   defining Unicode char U+0192 (decimal 402)
   defining Unicode char U+02C7 (decimal 711)
   defining Unicode char U+02D8 (decimal 728)
   defining Unicode char U+02DD (decimal 733)
   defining Unicode char U+0E3F (decimal 3647)
   defining Unicode char U+2016 (decimal 8214)
   defining Unicode char U+2020 (decimal 8224)
   defining Unicode char U+2021 (decimal 8225)
   defining Unicode char U+2022 (decimal 8226)
   defining Unicode char U+2030 (decimal 8240)
   defining Unicode char U+2031 (decimal 8241)
   defining Unicode char U+203B (decimal 8251)
   defining Unicode char U+203D (decimal 8253)
   defining Unicode char U+2044 (decimal 8260)
   defining Unicode char U+204E (decimal 8270)
   defining Unicode char U+2052 (decimal 8274)
   defining Unicode char U+20A1 (decimal 8353)
   defining Unicode char U+20A4 (decimal 8356)
   defining Unicode char U+20A6 (decimal 8358)
   defining Unicode char U+20A9 (decimal 8361)
   defining Unicode char U+20AB (decimal 8363)
   defining Unicode char U+20AC (decimal 8364)
   defining Unicode char U+20B1 (decimal 8369)
   defining Unicode char U+2103 (decimal 8451)
   defining Unicode char U+2116 (decimal 8470)
   defining Unicode char U+2117 (decimal 8471)
   defining Unicode char U+211E (decimal 8478)
   defining Unicode char U+2120 (decimal 8480)
   defining Unicode char U+2122 (decimal 8482)
   defining Unicode char U+2126 (decimal 8486)
   defining Unicode char U+2127 (decimal 8487)
   defining Unicode char U+212E (decimal 8494)
   defining Unicode char U+2190 (decimal 8592)
   defining Unicode char U+2191 (decimal 8593)
   defining Unicode char U+2192 (decimal 8594)
   defining Unicode char U+2193 (decimal 8595)
   defining Unicode char U+2329 (decimal 9001)
   defining Unicode char U+232A (decimal 9002)
   defining Unicode char U+2422 (decimal 9250)
   defining Unicode char U+25E6 (decimal 9702)
   defining Unicode char U+25EF (decimal 9711)
   defining Unicode char U+266A (decimal 9834)
))
LaTeX Info: Redefining \oldstylenums on input line 334.
Package textcomp Info: Setting cmr sub-encoding to TS1/0 on input line 349.
Package textcomp Info: Setting cmss sub-encoding to TS1/0 on input line 350.
Package textcomp Info: Setting cmtt sub-encoding to TS1/0 on input line 351.
Package textcomp Info: Setting cmvtt sub-encoding to TS1/0 on input line 352.
Package textcomp Info: Setting cmbr sub-encoding to TS1/0 on input line 353.
Package textcomp Info: Setting cmtl sub-encoding to TS1/0 on input line 354.
Package textcomp Info: Setting ccr sub-encoding to TS1/0 on input line 355.
Package textcomp Info: Setting ptm sub-encoding to TS1/4 on input line 356.
Package textcomp Info: Setting pcr sub-encoding to TS1/4 on input line 357.
Package textcomp Info: Setting phv sub-encoding to TS1/4 on input line 358.
Package textcomp Info: Setting ppl sub-encoding to TS1/3 on input line 359.
Package textcomp Info: Setting pag sub-encoding to TS1/4 on input line 360.
Package textcomp Info: Setting pbk sub-encoding to TS1/4 on input line 361.
Package textcomp Info: Setting pnc sub-encoding to TS1/4 on input line 362.
Package textcomp Info: Setting pzc sub-encoding to TS1/4 on input line 363.
Package textcomp Info: Setting bch sub-encoding to TS1/4 on input line 364.
Package textcomp Info: Setting put sub-encoding to TS1/5 on input line 365.
Package textcomp Info: Setting uag sub-encoding to TS1/5 on input line 366.
Package textcomp Info: Setting ugq sub-encoding to TS1/5 on input line 367.
Package textcomp Info: Setting ul8 sub-encoding to TS1/4 on input line 368.
Package textcomp Info: Setting ul9 sub-encoding to TS1/4 on input line 369.
Package textcomp Info: Setting augie sub-encoding to TS1/5 on input line 370.
Package textcomp Info: Setting dayrom sub-encoding to TS1/3 on input line 371.
Package textcomp Info: Setting dayroms sub-encoding to TS1/3 on input line 372.

Package textcomp Info: Setting pxr sub-encoding to TS1/0 on input line 373.
Package textcomp Info: Setting pxss sub-encoding to TS1/0 on input line 374.
Package textcomp Info: Setting pxtt sub-encoding to TS1/0 on input line 375.
Package textcomp Info: Setting txr sub-encoding to TS1/0 on input line 376.
Package textcomp Info: Setting txss sub-encoding to TS1/0 on input line 377.
Package textcomp Info: Setting txtt sub-encoding to TS1/0 on input line 378.
Package textcomp Info: Setting lmr sub-encoding to TS1/0 on input line 379.
Package textcomp Info: Setting lmdh sub-encoding to TS1/0 on input line 380.
Package textcomp Info: Setting lmss sub-encoding to TS1/0 on input line 381.
Package textcomp Info: Setting lmssq sub-encoding to TS1/0 on input line 382.
Package textcomp Info: Setting lmvtt sub-encoding to TS1/0 on input line 383.
Package textcomp Info: Setting lmtt sub-encoding to TS1/0 on input line 384.
Package textcomp Info: Setting qhv sub-encoding to TS1/0 on input line 385.
Package textcomp Info: Setting qag sub-encoding to TS1/0 on input line 386.
Package textcomp Info: Setting qbk sub-encoding to TS1/0 on input line 387.
Package textcomp Info: Setting qcr sub-encoding to TS1/0 on input line 388.
Package textcomp Info: Setting qcs sub-encoding to TS1/0 on input line 389.
Package textcomp Info: Setting qpl sub-encoding to TS1/0 on input line 390.
Package textcomp Info: Setting qtm sub-encoding to TS1/0 on input line 391.
Package textcomp Info: Setting qzc sub-encoding to TS1/0 on input line 392.
Package textcomp Info: Setting qhvc sub-encoding to TS1/0 on input line 393.
Package textcomp Info: Setting futs sub-encoding to TS1/4 on input line 394.
Package textcomp Info: Setting futx sub-encoding to TS1/4 on input line 395.
Package textcomp Info: Setting futj sub-encoding to TS1/4 on input line 396.
Package textcomp Info: Setting hlh sub-encoding to TS1/3 on input line 397.
Package textcomp Info: Setting hls sub-encoding to TS1/3 on input line 398.
Package textcomp Info: Setting hlst sub-encoding to TS1/3 on input line 399.
Package textcomp Info: Setting hlct sub-encoding to TS1/5 on input line 400.
Package textcomp Info: Setting hlx sub-encoding to TS1/5 on input line 401.
Package textcomp Info: Setting hlce sub-encoding to TS1/5 on input line 402.
Package textcomp Info: Setting hlcn sub-encoding to TS1/5 on input line 403.
Package textcomp Info: Setting hlcw sub-encoding to TS1/5 on input line 404.
Package textcomp Info: Setting hlcf sub-encoding to TS1/5 on input line 405.
Package textcomp Info: Setting pplx sub-encoding to TS1/3 on input line 406.
Package textcomp Info: Setting pplj sub-encoding to TS1/3 on input line 407.
Package textcomp Info: Setting ptmx sub-encoding to TS1/4 on input line 408.
Package textcomp Info: Setting ptmj sub-encoding to TS1/4 on input line 409.
) (/usr/local/texlive/2015/texmf-dist/tex/latex/wasysym/wasysym.sty
Package: wasysym 2003/10/30 v2.0 Wasy-2 symbol support package
\symwasy=\mathgroup4
LaTeX Font Info:    Overwriting symbol font `wasy' in version `bold'
(Font)                  U/wasy/m/n --> U/wasy/b/n on input line 90.
) (/usr/local/texlive/2015/texmf-dist/tex/latex/base/fontenc.sty
Package: fontenc 2005/09/27 v1.99g Standard LaTeX package
(/usr/local/texlive/2015/texmf-dist/tex/latex/base/t1enc.def
File: t1enc.def 2005/09/27 v1.99g Standard LaTeX file
LaTeX Font Info:    Redeclaring font encoding T1 on input line 48.
)) (/usr/local/texlive/2015/texmf-dist/tex/latex/psnfss/helvet.sty
Package: helvet 2005/04/12 PSNFSS-v9.2a (WaS) 
) (/usr/local/texlive/2015/texmf-dist/tex/latex/psnfss/courier.sty
Package: courier 2005/04/12 PSNFSS-v9.2a (WaS) 
) (/usr/local/texlive/2015/texmf-dist/tex/latex/amsfonts/amssymb.sty
Package: amssymb 2013/01/14 v3.01 AMS font symbols
(/usr/local/texlive/2015/texmf-dist/tex/latex/amsfonts/amsfonts.sty
Package: amsfonts 2013/01/14 v3.01 Basic AMSFonts support
\@emptytoks=\toks24
\symAMSa=\mathgroup5
\symAMSb=\mathgroup6
LaTeX Font Info:    Overwriting math alphabet `\mathfrak' in version `bold'
(Font)                  U/euf/m/n --> U/euf/b/n on input line 106.
)) (/usr/local/texlive/2015/texmf-dist/tex/latex/sectsty/sectsty.sty
Package: sectsty 2002/02/25 v2.0.2 Commands to change all sectional heading sty
les
) (/usr/local/texlive/2015/texmf-dist/tex/latex/geometry/geometry.sty
Package: geometry 2010/09/12 v5.6 Page Geometry
(/usr/local/texlive/2015/texmf-dist/tex/generic/oberdiek/ifpdf.sty
Package: ifpdf 2011/01/30 v2.3 Provides the ifpdf switch (HO)
Package ifpdf Info: pdfTeX in PDF mode is detected.
) (/usr/local/texlive/2015/texmf-dist/tex/generic/oberdiek/ifvtex.sty
Package: ifvtex 2010/03/01 v1.5 Detect VTeX and its facilities (HO)
Package ifvtex Info: VTeX not detected.
) (/usr/local/texlive/2015/texmf-dist/tex/generic/ifxetex/ifxetex.sty
Package: ifxetex 2010/09/12 v0.6 Provides ifxetex conditional
)
\Gm@cnth=\count112
\Gm@cntv=\count113
\c@Gm@tempcnt=\count114
\Gm@bindingoffset=\dimen144
\Gm@wd@mp=\dimen145
\Gm@odd@mp=\dimen146
\Gm@even@mp=\dimen147
\Gm@layoutwidth=\dimen148
\Gm@layoutheight=\dimen149
\Gm@layouthoffset=\dimen150
\Gm@layoutvoffset=\dimen151
\Gm@dimlist=\toks25
) (/usr/local/texlive/2015/texmf-dist/tex/latex/fancyhdr/fancyhdr.sty
\fancy@headwidth=\skip56
\f@ncyO@elh=\skip57
\f@ncyO@erh=\skip58
\f@ncyO@olh=\skip59
\f@ncyO@orh=\skip60
\f@ncyO@elf=\skip61
\f@ncyO@erf=\skip62
\f@ncyO@olf=\skip63
\f@ncyO@orf=\skip64
) (/usr/local/texlive/2015/texmf-dist/tex/latex/natbib/natbib.sty
Package: natbib 2010/09/13 8.31b (PWD, AO)
\bibhang=\skip65
\bibsep=\skip66
LaTeX Info: Redefining \cite on input line 694.
\c@NAT@ctr=\count115
) (/usr/local/texlive/2015/texmf-dist/tex/latex/tocloft/tocloft.sty
Package: tocloft 2013/05/02 v2.3f parameterised ToC, etc., typesetting
Package tocloft Info: The document has section divisions on input line 44.
\cftparskip=\skip67
\cftbeforetoctitleskip=\skip68
\cftaftertoctitleskip=\skip69
\cftbeforepartskip=\skip70
\cftpartnumwidth=\skip71
\cftpartindent=\skip72
\cftbeforesecskip=\skip73
\cftsecindent=\skip74
\cftsecnumwidth=\skip75
\cftbeforesubsecskip=\skip76
\cftsubsecindent=\skip77
\cftsubsecnumwidth=\skip78
\cftbeforesubsubsecskip=\skip79
\cftsubsubsecindent=\skip80
\cftsubsubsecnumwidth=\skip81
\cftbeforeparaskip=\skip82
\cftparaindent=\skip83
\cftparanumwidth=\skip84
\cftbeforesubparaskip=\skip85
\cftsubparaindent=\skip86
\cftsubparanumwidth=\skip87
\cftbeforeloftitleskip=\skip88
\cftafterloftitleskip=\skip89
\cftbeforefigskip=\skip90
\cftfigindent=\skip91
\cftfignumwidth=\skip92
\c@lofdepth=\count116
\c@lotdepth=\count117
\cftbeforelottitleskip=\skip93
\cftafterlottitleskip=\skip94
\cftbeforetabskip=\skip95
\cfttabindent=\skip96
\cfttabnumwidth=\skip97
)
\@indexfile=\write3
\openout3 = `refman.idx'.

Writing index file refman.idx
(/Users/F.Froehlich/Documents/MATLAB/AMICI/mtoc/config/latexextras.sty (/usr/lo
cal/texlive/2015/texmf-dist/tex/latex/amsmath/amsmath.sty
Package: amsmath 2013/01/14 v2.14 AMS math features
\@mathmargin=\skip98
For additional information on amsmath, use the `?' option.
(/usr/local/texlive/2015/texmf-dist/tex/latex/amsmath/amstext.sty
Package: amstext 2000/06/29 v2.01
(/usr/local/texlive/2015/texmf-dist/tex/latex/amsmath/amsgen.sty
File: amsgen.sty 1999/11/30 v2.0
\@emptytoks=\toks26
\ex@=\dimen152
)) (/usr/local/texlive/2015/texmf-dist/tex/latex/amsmath/amsbsy.sty
Package: amsbsy 1999/11/29 v1.2d
\pmbraise@=\dimen153
) (/usr/local/texlive/2015/texmf-dist/tex/latex/amsmath/amsopn.sty
Package: amsopn 1999/12/14 v2.01 operator names
)
\inf@bad=\count118
LaTeX Info: Redefining \frac on input line 210.
\uproot@=\count119
\leftroot@=\count120
LaTeX Info: Redefining \overline on input line 306.
\classnum@=\count121
\DOTSCASE@=\count122
LaTeX Info: Redefining \ldots on input line 378.
LaTeX Info: Redefining \dots on input line 381.
LaTeX Info: Redefining \cdots on input line 466.
\Mathstrutbox@=\box58
\strutbox@=\box59
\big@size=\dimen154
LaTeX Font Info:    Redeclaring font encoding OML on input line 566.
LaTeX Font Info:    Redeclaring font encoding OMS on input line 567.
\macc@depth=\count123
\c@MaxMatrixCols=\count124
\dotsspace@=\muskip10
\c@parentequation=\count125
\dspbrk@lvl=\count126
\tag@help=\toks27
\row@=\count127
\column@=\count128
\maxfields@=\count129
\andhelp@=\toks28
\eqnshift@=\dimen155
\alignsep@=\dimen156
\tagshift@=\dimen157
\tagwidth@=\dimen158
\totwidth@=\dimen159
\lineht@=\dimen160
\@envbody=\toks29
\multlinegap=\skip99
\multlinetaggap=\skip100
\mathdisplay@stack=\toks30
LaTeX Info: Redefining \[ on input line 2665.
LaTeX Info: Redefining \] on input line 2666.
) (/usr/local/texlive/2015/texmf-dist/tex/latex/base/fontenc.sty
Package: fontenc 2005/09/27 v1.99g Standard LaTeX package
(/usr/local/texlive/2015/texmf-dist/tex/latex/base/t1enc.def
File: t1enc.def 2005/09/27 v1.99g Standard LaTeX file
LaTeX Font Info:    Redeclaring font encoding T1 on input line 48.
))

! LaTeX Error: Option clash for package inputenc.

See the LaTeX manual or LaTeX Companion for explanation.
Type  H <return>  for immediate help.
 ...                                              
                                                  
l.11 \usepackage
                {babel}
The package inputenc has already been loaded with options:
  [utf8]
There has now been an attempt to load it with options
  [latin9]
Adding the global options:
  utf8,latin9
to your \documentclass declaration may fix this.
Try typing  <return>  to proceed.

(/usr/local/texlive/2015/texmf-dist/tex/generic/babel/babel.sty
Package: babel 2014/09/25 3.9l The Babel package

! Package babel Error: You haven't specified a language option.

See the babel package documentation for explanation.
Type  H <return>  for immediate help.
 ...                                              
                                                  
l.332 ...ry to proceed from here, type x to quit.}
                                                  
You need to specify a language, either as a global option
or as an optional argument to the \usepackage command;
You shouldn't try to proceed from here, type x to quit.

)) (/usr/local/texlive/2015/texmf-dist/tex/latex/hyperref/hyperref.sty
Package: hyperref 2012/11/06 v6.83m Hypertext links for LaTeX
(/usr/local/texlive/2015/texmf-dist/tex/generic/oberdiek/hobsub-hyperref.sty
Package: hobsub-hyperref 2012/05/28 v1.13 Bundle oberdiek, subset hyperref (HO)

(/usr/local/texlive/2015/texmf-dist/tex/generic/oberdiek/hobsub-generic.sty
Package: hobsub-generic 2012/05/28 v1.13 Bundle oberdiek, subset generic (HO)
Package: hobsub 2012/05/28 v1.13 Construct package bundles (HO)
Package hobsub Info: Skipping package `infwarerr' (already loaded).
Package hobsub Info: Skipping package `ltxcmds' (already loaded).
Package: ifluatex 2010/03/01 v1.3 Provides the ifluatex switch (HO)
Package ifluatex Info: LuaTeX not detected.
Package hobsub Info: Skipping package `ifvtex' (already loaded).
Package: intcalc 2007/09/27 v1.1 Expandable calculations with integers (HO)
Package hobsub Info: Skipping package `ifpdf' (already loaded).
Package: etexcmds 2011/02/16 v1.5 Avoid name clashes with e-TeX commands (HO)
Package etexcmds Info: Could not find \expanded.
(etexcmds)             That can mean that you are not using pdfTeX 1.50 or
(etexcmds)             that some package has redefined \expanded.
(etexcmds)             In the latter case, load this package earlier.
Package: kvsetkeys 2012/04/25 v1.16 Key value parser (HO)
Package: kvdefinekeys 2011/04/07 v1.3 Define keys (HO)
Package: pdftexcmds 2011/11/29 v0.20 Utility functions of pdfTeX for LuaTeX (HO
)
Package pdftexcmds Info: LuaTeX not detected.
Package pdftexcmds Info: \pdf@primitive is available.
Package pdftexcmds Info: \pdf@ifprimitive is available.
Package pdftexcmds Info: \pdfdraftmode found.
Package: pdfescape 2011/11/25 v1.13 Implements pdfTeX's escape features (HO)
Package: bigintcalc 2012/04/08 v1.3 Expandable calculations on big integers (HO
)
Package: bitset 2011/01/30 v1.1 Handle bit-vector datatype (HO)
Package: uniquecounter 2011/01/30 v1.2 Provide unlimited unique counter (HO)
)
Package hobsub Info: Skipping package `hobsub' (already loaded).
Package: letltxmacro 2010/09/02 v1.4 Let assignment for LaTeX macros (HO)
Package: hopatch 2012/05/28 v1.2 Wrapper for package hooks (HO)
Package: xcolor-patch 2011/01/30 xcolor patch
Package: atveryend 2011/06/30 v1.8 Hooks at the very end of document (HO)
Package atveryend Info: \enddocument detected (standard20110627).
Package: atbegshi 2011/10/05 v1.16 At begin shipout hook (HO)
Package: refcount 2011/10/16 v3.4 Data extraction from label references (HO)
Package: hycolor 2011/01/30 v1.7 Color options for hyperref/bookmark (HO)
) (/usr/local/texlive/2015/texmf-dist/tex/latex/oberdiek/auxhook.sty
Package: auxhook 2011/03/04 v1.3 Hooks for auxiliary files (HO)
) (/usr/local/texlive/2015/texmf-dist/tex/latex/oberdiek/kvoptions.sty
Package: kvoptions 2011/06/30 v3.11 Key value format for package options (HO)
)
\@linkdim=\dimen161
\Hy@linkcounter=\count130
\Hy@pagecounter=\count131
(/usr/local/texlive/2015/texmf-dist/tex/latex/hyperref/pd1enc.def
File: pd1enc.def 2012/11/06 v6.83m Hyperref: PDFDocEncoding definition (HO)
Now handling font encoding PD1 ...
... no UTF-8 mapping file for font encoding PD1
)
\Hy@SavedSpaceFactor=\count132
(/usr/local/texlive/2015/texmf-dist/tex/latex/latexconfig/hyperref.cfg
File: hyperref.cfg 2002/06/06 v1.2 hyperref configuration of TeXLive
)
Package hyperref Info: Hyper figures OFF on input line 4443.
Package hyperref Info: Link nesting OFF on input line 4448.
Package hyperref Info: Hyper index ON on input line 4451.
Package hyperref Info: Plain pages OFF on input line 4458.
Package hyperref Info: Backreferencing ON on input line 4461.
Package hyperref Info: Implicit mode ON; LaTeX internals redefined.
Package hyperref Info: Bookmarks ON on input line 4688.
(/usr/local/texlive/2015/texmf-dist/tex/latex/hyperref/backref.sty
Package: backref 2012/07/25 v1.38 Bibliographical back referencing
(/usr/local/texlive/2015/texmf-dist/tex/latex/oberdiek/rerunfilecheck.sty
Package: rerunfilecheck 2011/04/15 v1.7 Rerun checks for auxiliary files (HO)
Package uniquecounter Info: New unique counter `rerunfilecheck' on input line 2
82.
))
\c@Hy@tempcnt=\count133
(/usr/local/texlive/2015/texmf-dist/tex/latex/url/url.sty
\Urlmuskip=\muskip11
Package: url 2013/09/16  ver 3.4  Verb mode for urls, etc.
)
LaTeX Info: Redefining \url on input line 5041.
\XeTeXLinkMargin=\dimen162
\Fld@menulength=\count134
\Field@Width=\dimen163
\Fld@charsize=\dimen164
Package hyperref Info: Hyper figures OFF on input line 6295.
Package hyperref Info: Link nesting OFF on input line 6300.
Package hyperref Info: Hyper index ON on input line 6303.
Package hyperref Info: backreferencing ON on input line 6308.
Package hyperref Info: Link coloring OFF on input line 6315.
Package hyperref Info: Link coloring with OCG OFF on input line 6320.
Package hyperref Info: PDF/A mode OFF on input line 6325.
LaTeX Info: Redefining \ref on input line 6365.
LaTeX Info: Redefining \pageref on input line 6369.
\Hy@abspage=\count135
\c@Item=\count136
\c@Hfootnote=\count137
)

Package hyperref Message: Driver: hpdftex.

(/usr/local/texlive/2015/texmf-dist/tex/latex/hyperref/hpdftex.def
File: hpdftex.def 2012/11/06 v6.83m Hyperref driver for pdfTeX
\Fld@listcount=\count138
\c@bookmark@seq@number=\count139
\Hy@SectionHShift=\skip101
)
Package hyperref Info: Option `colorlinks' set `true' on input line 106.
Package hyperref Info: Option `unicode' set `true' on input line 106.
(/usr/local/texlive/2015/texmf-dist/tex/latex/hyperref/puenc.def
File: puenc.def 2012/11/06 v6.83m Hyperref: PDF Unicode definition (HO)
Now handling font encoding PU ...
... no UTF-8 mapping file for font encoding PU
)
No file refman.aux.
\openout1 = `refman.aux'.

LaTeX Font Info:    Checking defaults for OML/cmm/m/it on input line 116.
LaTeX Font Info:    ... okay on input line 116.
LaTeX Font Info:    Checking defaults for T1/cmr/m/n on input line 116.
LaTeX Font Info:    ... okay on input line 116.
LaTeX Font Info:    Checking defaults for OT1/cmr/m/n on input line 116.
LaTeX Font Info:    ... okay on input line 116.
LaTeX Font Info:    Checking defaults for OMS/cmsy/m/n on input line 116.
LaTeX Font Info:    ... okay on input line 116.
LaTeX Font Info:    Checking defaults for OMX/cmex/m/n on input line 116.
LaTeX Font Info:    ... okay on input line 116.
LaTeX Font Info:    Checking defaults for U/cmr/m/n on input line 116.
LaTeX Font Info:    ... okay on input line 116.
LaTeX Font Info:    Checking defaults for TS1/cmr/m/n on input line 116.
LaTeX Font Info:    Try loading font information for TS1+cmr on input line 116.

(/usr/local/texlive/2015/texmf-dist/tex/latex/base/ts1cmr.fd
File: ts1cmr.fd 2014/09/29 v2.5h Standard LaTeX font definitions
)
LaTeX Font Info:    ... okay on input line 116.
LaTeX Font Info:    Checking defaults for PD1/pdf/m/n on input line 116.
LaTeX Font Info:    ... okay on input line 116.
LaTeX Font Info:    Checking defaults for PU/pdf/m/n on input line 116.
LaTeX Font Info:    ... okay on input line 116.
LaTeX Font Info:    Try loading font information for T1+phv on input line 116.
(/usr/local/texlive/2015/texmf-dist/tex/latex/psnfss/t1phv.fd
File: t1phv.fd 2001/06/04 scalable font definitions for T1/phv.
)
LaTeX Font Info:    Font shape `T1/phv/m/n' will be
(Font)              scaled to size 8.99994pt on input line 116.
(/usr/local/texlive/2015/texmf-dist/tex/context/base/supp-pdf.mkii
[Loading MPS to PDF converter (version 2006.09.02).]
\scratchcounter=\count140
\scratchdimen=\dimen165
\scratchbox=\box60
\nofMPsegments=\count141
\nofMParguments=\count142
\everyMPshowfont=\toks31
\MPscratchCnt=\count143
\MPscratchDim=\dimen166
\MPnumerator=\count144
\makeMPintoPDFobject=\count145
\everyMPtoPDFconversion=\toks32
) (/usr/local/texlive/2015/texmf-dist/tex/latex/oberdiek/epstopdf-base.sty
Package: epstopdf-base 2010/02/09 v2.5 Base part for package epstopdf
(/usr/local/texlive/2015/texmf-dist/tex/latex/oberdiek/grfext.sty
Package: grfext 2010/08/19 v1.1 Manage graphics extensions (HO)
)
Package grfext Info: Graphics extension search list:
(grfext)             [.png,.pdf,.jpg,.mps,.jpeg,.jbig2,.jb2,.PNG,.PDF,.JPG,.JPE
G,.JBIG2,.JB2,.eps]
(grfext)             \AppendGraphicsExtensions on input line 452.
(/usr/local/texlive/2015/texmf-dist/tex/latex/latexconfig/epstopdf-sys.cfg
File: epstopdf-sys.cfg 2010/07/13 v1.3 Configuration of (r)epstopdf for TeX Liv
e
))
*geometry* driver: auto-detecting
*geometry* detected driver: pdftex
*geometry* verbose mode - [ preamble ] result:
* driver: pdftex
* paper: a4paper
* layout: <same size as paper>
* layoutoffset:(h,v)=(0.0pt,0.0pt)
* modes: twoside 
* h-part:(L,W,R)=(71.13188pt, 455.24411pt, 71.13188pt)
* v-part:(T,H,B)=(71.13188pt, 702.78308pt, 71.13188pt)
* \paperwidth=597.50787pt
* \paperheight=845.04684pt
* \textwidth=455.24411pt
* \textheight=702.78308pt
* \oddsidemargin=-1.1381pt
* \evensidemargin=-1.1381pt
* \topmargin=-38.1381pt
* \headheight=12.0pt
* \headsep=25.0pt
* \topskip=10.0pt
* \footskip=30.0pt
* \marginparwidth=121.0pt
* \marginparsep=11.0pt
* \columnsep=10.0pt
* \skip\footins=9.0pt plus 4.0pt minus 2.0pt
* \hoffset=0.0pt
* \voffset=0.0pt
* \mag=1000
* \@twocolumnfalse
* \@twosidetrue
* \@mparswitchtrue
* \@reversemarginfalse
* (1in=72.27pt=25.4mm, 1cm=28.453pt)

\AtBeginShipoutBox=\box61
Package backref Info: ** backref set up for natbib ** on input line 116.
Package hyperref Info: Link coloring ON on input line 116.
(/usr/local/texlive/2015/texmf-dist/tex/latex/hyperref/nameref.sty
Package: nameref 2012/10/27 v2.43 Cross-referencing by name of section
(/usr/local/texlive/2015/texmf-dist/tex/generic/oberdiek/gettitlestring.sty
Package: gettitlestring 2010/12/03 v1.4 Cleanup title references (HO)
)
\c@section@level=\count146
)
LaTeX Info: Redefining \ref on input line 116.
LaTeX Info: Redefining \pageref on input line 116.
LaTeX Info: Redefining \nameref on input line 116.
\@outlinefile=\write4
\openout4 = `refman.out'.

Package hyperref Info: Option `pageanchor' set `false' on input line 123.

Package hyperref Warning: Option `bookmarks' has already been used,
(hyperref)                setting the option has no effect on input line 123.

Package hyperref Info: Option `bookmarksnumbered' set `true' on input line 123.

Package hyperref Info: Option `unicode' set `true' on input line 123.
LaTeX Font Info:    Font shape `T1/phv/m/n' will be
(Font)              scaled to size 12.9599pt on input line 128.
LaTeX Font Info:    Font shape `T1/phv/m/n' will be
(Font)              scaled to size 10.79993pt on input line 130.
LaTeX Font Info:    Font shape `T1/phv/m/n' will be
(Font)              scaled to size 8.09995pt on input line 132.
[1

{/usr/local/texlive/2015/texmf-var/fonts/map/pdftex/updmap/pdftex.map}]
LaTeX Font Info:    Font shape `T1/phv/bx/n' in size <14.4> not available
(Font)              Font shape `T1/phv/b/n' tried instead on input line 135.
LaTeX Font Info:    Font shape `T1/phv/b/n' will be
(Font)              scaled to size 12.9599pt on input line 135.
LaTeX Font Info:    Font shape `T1/phv/bc/n' will be
(Font)              scaled to size 12.9599pt on input line 135.
\tf@toc=\write5
\openout5 = `refman.toc'.

Package hyperref Info: Option `pageanchor' set `true' on input line 137.
(./index.tex
LaTeX Font Info:    Font shape `T1/phv/bx/n' in size <12> not available
(Font)              Font shape `T1/phv/b/n' tried instead on input line 1.
LaTeX Font Info:    Font shape `T1/phv/b/n' will be
(Font)              scaled to size 10.79993pt on input line 1.
LaTeX Font Info:    Font shape `T1/phv/bc/n' will be
(Font)              scaled to size 10.79993pt on input line 1.
LaTeX Font Info:    Try loading font information for T1+pcr on input line 2.
(/usr/local/texlive/2015/texmf-dist/tex/latex/psnfss/t1pcr.fd
File: t1pcr.fd 2001/06/04 font definitions for T1/pcr.
)
LaTeX Font Info:    Try loading font information for TS1+phv on input line 7.
(/usr/local/texlive/2015/texmf-dist/tex/latex/psnfss/ts1phv.fd
File: ts1phv.fd 2001/06/04 scalable font definitions for TS1/phv.
)
LaTeX Font Info:    Font shape `TS1/phv/m/n' will be
(Font)              scaled to size 8.99994pt on input line 7.
LaTeX Font Info:    Font shape `T1/phv/bx/n' in size <10> not available
(Font)              Font shape `T1/phv/b/n' tried instead on input line 12.
LaTeX Font Info:    Font shape `T1/phv/b/n' will be
(Font)              scaled to size 8.99994pt on input line 12.
LaTeX Font Info:    Font shape `T1/phv/bc/n' will be
(Font)              scaled to size 8.99994pt on input line 12.
LaTeX Font Info:    Font shape `T1/phv/m/n' will be
(Font)              scaled to size 6.29996pt on input line 16.

Underfull \hbox (badness 2237) in paragraph at lines 30--30
\T1/phv/m/n/10 SHALL THE COPYRIGHT HOLDER OR CONTRIBUTORS BE LIABLE FOR ANY DIR
ECT, INDIRECT,
 []

LaTeX Font Info:    Font shape `T1/phv/bx/n' in size <7> not available
(Font)              Font shape `T1/phv/b/n' tried instead on input line 30.
LaTeX Font Info:    Font shape `T1/phv/b/n' will be
(Font)              scaled to size 6.29996pt on input line 30.
[1]
LaTeX Font Info:    Font shape `T1/phv/m/it' in size <10> not available
(Font)              Font shape `T1/phv/m/sl' tried instead on input line 57.
LaTeX Font Info:    Font shape `T1/phv/m/sl' will be
(Font)              scaled to size 8.99994pt on input line 57.
) (./def_simu.tex [2]
LaTeX Font Info:    Try loading font information for U+wasy on input line 20.
(/usr/local/texlive/2015/texmf-dist/tex/latex/wasysym/uwasy.fd
File: uwasy.fd 2003/10/30 v2.0 Wasy-2 symbol font definitions
)
LaTeX Font Info:    Try loading font information for U+msa on input line 20.
(/usr/local/texlive/2015/texmf-dist/tex/latex/amsfonts/umsa.fd
File: umsa.fd 2013/01/14 v3.01 AMS symbols A
)
LaTeX Font Info:    Try loading font information for U+msb on input line 20.
(/usr/local/texlive/2015/texmf-dist/tex/latex/amsfonts/umsb.fd
File: umsb.fd 2013/01/14 v3.01 AMS symbols B
)
Underfull \hbox (badness 10000) in alignment at lines 20--30
[][][] 
 []

[3] [4] [5]
Underfull \hbox (badness 10000) detected at line 213
[][][]
 []

[6]
! Display math should end with $$.
<to be read again> 
                    
l.363 ...-1}\frac{\partial f}{\partial \theta_k} $
                                                  
The `$' that I just saw supposedly matches a previous `$$'.
So I shall assume that you typed `$$' both times.

[7]) (./code.tex [8]) (./annotated.tex

LaTeX Warning: Reference `classamimodel' on page 9 undefined on input line 3.


LaTeX Warning: Reference `struct_exp_data' on page 9 undefined on input line 4.



LaTeX Warning: Reference `struct_return_data' on page 9 undefined on input line
 5.


LaTeX Warning: Reference `struct_temp_data' on page 9 undefined on input line 6
.


LaTeX Warning: Reference `struct_user_data' on page 9 undefined on input line 7
.

) (./files.tex

LaTeX Warning: Reference `amiwrap_8c' on page 9 undefined on input line 3.


LaTeX Warning: Reference `amiwrap_8m' on page 9 undefined on input line 4.


LaTeX Warning: Reference `amiwrapo2_8c' on page 9 undefined on input line 5.


LaTeX Warning: Reference `install_toolbox_8m' on page 9 undefined on input line
 6.


LaTeX Warning: Reference `amimodel_8m' on page 9 undefined on input line 7.


LaTeX Warning: Reference `augmento2_8m' on page 9 undefined on input line 8.


LaTeX Warning: Reference `check_deps_8m' on page 9 undefined on input line 9.


LaTeX Warning: Reference `compile_c_8m' on page 9 undefined on input line 10.

[9]

LaTeX Warning: Reference `gccode_8m' on page 10 undefined on input line 11.


LaTeX Warning: Reference `generate_c_8m' on page 10 undefined on input line 12.



LaTeX Warning: Reference `generate_m_8m' on page 10 undefined on input line 13.



LaTeX Warning: Reference `get_fun_8m' on page 10 undefined on input line 14.


LaTeX Warning: Reference `get_fun_args_8m' on page 10 undefined on input line 1
5.


LaTeX Warning: Reference `get_fun_c_var_8m' on page 10 undefined on input line 
16.


LaTeX Warning: Reference `get_fun_deps_8m' on page 10 undefined on input line 1
7.


LaTeX Warning: Reference `get_fun_s_var_8m' on page 10 undefined on input line 
18.


LaTeX Warning: Reference `load_old_hashes_8m' on page 10 undefined on input lin
e 19.


LaTeX Warning: Reference `parse_model_8m' on page 10 undefined on input line 20
.


LaTeX Warning: Reference `write_ccode_8m' on page 10 undefined on input line 21
.


LaTeX Warning: Reference `write_ccode__sensi_8m' on page 10 undefined on input 
line 22.


LaTeX Warning: Reference `am__setdefault_8m' on page 10 undefined on input line
 23.


LaTeX Warning: Reference `_data_hash_8m' on page 10 undefined on input line 24.



LaTeX Warning: Reference `amici_8h' on page 10 undefined on input line 25.


LaTeX Warning: Reference `cvodewrap_8h' on page 10 undefined on input line 26.


LaTeX Warning: Reference `edata_8h' on page 10 undefined on input line 27.


LaTeX Warning: Reference `idawrap_8h' on page 10 undefined on input line 28.


LaTeX Warning: Reference `rdata_8h' on page 10 undefined on input line 29.


LaTeX Warning: Reference `symbolic__functions_8h' on page 10 undefined on input
 line 30.


LaTeX Warning: Reference `tdata_8h' on page 10 undefined on input line 31.


LaTeX Warning: Reference `udata_8h' on page 10 undefined on input line 32.


LaTeX Warning: Reference `amici_8c' on page 10 undefined on input line 33.


LaTeX Warning: Reference `spline_8c' on page 10 undefined on input line 34.


LaTeX Warning: Reference `symbolic__functions_8c' on page 10 undefined on input
 line 35.

) (./classamimodel.tex [10]
LaTeX Font Info:    Font shape `T1/phv/m/it' in size <9> not available
(Font)              Font shape `T1/phv/m/sl' tried instead on input line 12.
LaTeX Font Info:    Font shape `T1/phv/m/sl' will be
(Font)              scaled to size 8.09995pt on input line 12.
[11] [12]
LaTeX Font Info:    Font shape `T1/phv/bc/it' in size <10> not available
(Font)              Font shape `T1/phv/bc/sl' tried instead on input line 155.
LaTeX Font Info:    Font shape `T1/phv/bc/sl' will be
(Font)              scaled to size 8.99994pt on input line 155.

<classamimodel_a68efdc6ed5d618672bea1556209e5568_cgraph.pdf, id=326, 478.78876p
t x 176.66pt>
File: classamimodel_a68efdc6ed5d618672bea1556209e5568_cgraph.pdf Graphic file (
type pdf)
<use classamimodel_a68efdc6ed5d618672bea1556209e5568_cgraph.pdf>
Package pdftex.def Info: classamimodel_a68efdc6ed5d618672bea1556209e5568_cgraph
.pdf used on input line 192.
(pdftex.def)             Requested size: 350.0pt x 129.14133pt.

Underfull \vbox (badness 1107) has occurred while \output is active []

[13]
<classamimodel_af2ce5001c2320c95471ecb8c3d73bdbb_cgraph.pdf, id=346, 587.19376p
t x 196.735pt>
File: classamimodel_af2ce5001c2320c95471ecb8c3d73bdbb_cgraph.pdf Graphic file (
type pdf)
<use classamimodel_af2ce5001c2320c95471ecb8c3d73bdbb_cgraph.pdf>
Package pdftex.def Info: classamimodel_af2ce5001c2320c95471ecb8c3d73bdbb_cgraph
.pdf used on input line 219.
(pdftex.def)             Requested size: 350.0pt x 117.26439pt.

<classamimodel_a65b30e6d951ff694d40d45b0625742c7_cgraph.pdf, id=347, 487.8225pt
 x 176.66pt>
File: classamimodel_a65b30e6d951ff694d40d45b0625742c7_cgraph.pdf Graphic file (
type pdf)
<use classamimodel_a65b30e6d951ff694d40d45b0625742c7_cgraph.pdf>
Package pdftex.def Info: classamimodel_a65b30e6d951ff694d40d45b0625742c7_cgraph
.pdf used on input line 254.
(pdftex.def)             Requested size: 350.0pt x 126.75032pt.

Underfull \vbox (badness 10000) has occurred while \output is active []

[14 <./classamimodel_a68efdc6ed5d618672bea1556209e5568_cgraph.pdf> <./classamim
odel_af2ce5001c2320c95471ecb8c3d73bdbb_cgraph.pdf>]
<classamimodel_a65b30e6d951ff694d40d45b0625742c7_icgraph.pdf, id=378, 275.0275p
t x 100.375pt>
File: classamimodel_a65b30e6d951ff694d40d45b0625742c7_icgraph.pdf Graphic file 
(type pdf)
<use classamimodel_a65b30e6d951ff694d40d45b0625742c7_icgraph.pdf>
Package pdftex.def Info: classamimodel_a65b30e6d951ff694d40d45b0625742c7_icgrap
h.pdf used on input line 265.
(pdftex.def)             Requested size: 274.0pt x 100.00868pt.

<classamimodel_a874862825ea3346f977f518072dec051_cgraph.pdf, id=379, 356.33125p
t x 176.66pt>
File: classamimodel_a874862825ea3346f977f518072dec051_cgraph.pdf Graphic file (
type pdf)
<use classamimodel_a874862825ea3346f977f518072dec051_cgraph.pdf>
Package pdftex.def Info: classamimodel_a874862825ea3346f977f518072dec051_cgraph
.pdf used on input line 306.
(pdftex.def)             Requested size: 350.0pt x 173.52725pt.

Underfull \vbox (badness 10000) has occurred while \output is active []

[15 <./classamimodel_a65b30e6d951ff694d40d45b0625742c7_cgraph.pdf> <./classamim
odel_a65b30e6d951ff694d40d45b0625742c7_icgraph.pdf>]
<classamimodel_a874862825ea3346f977f518072dec051_icgraph.pdf, id=410, 377.41pt 
x 119.44624pt>
File: classamimodel_a874862825ea3346f977f518072dec051_icgraph.pdf Graphic file 
(type pdf)
<use classamimodel_a874862825ea3346f977f518072dec051_icgraph.pdf>
Package pdftex.def Info: classamimodel_a874862825ea3346f977f518072dec051_icgrap
h.pdf used on input line 317.
(pdftex.def)             Requested size: 350.0pt x 110.77036pt.

<classamimodel_aca8ccaf522a4aadb4ce12b7b636570b2_cgraph.pdf, id=411, 232.87pt x
 100.375pt>
File: classamimodel_aca8ccaf522a4aadb4ce12b7b636570b2_cgraph.pdf Graphic file (
type pdf)
<use classamimodel_aca8ccaf522a4aadb4ce12b7b636570b2_cgraph.pdf>
Package pdftex.def Info: classamimodel_aca8ccaf522a4aadb4ce12b7b636570b2_cgraph
.pdf used on input line 358.
(pdftex.def)             Requested size: 232.0pt x 100.00409pt.

<classamimodel_aca8ccaf522a4aadb4ce12b7b636570b2_icgraph.pdf, id=412, 461.725pt
 x 119.44624pt>
File: classamimodel_aca8ccaf522a4aadb4ce12b7b636570b2_icgraph.pdf Graphic file 
(type pdf)
<use classamimodel_aca8ccaf522a4aadb4ce12b7b636570b2_icgraph.pdf>
Package pdftex.def Info: classamimodel_aca8ccaf522a4aadb4ce12b7b636570b2_icgrap
h.pdf used on input line 369.
(pdftex.def)             Requested size: 350.0pt x 90.54314pt.
[16 <./classamimodel_a874862825ea3346f977f518072dec051_cgraph.pdf> <./classamim
odel_a874862825ea3346f977f518072dec051_icgraph.pdf> <./classamimodel_aca8ccaf52
2a4aadb4ce12b7b636570b2_cgraph.pdf>]
<classamimodel_a73f1b1b08350475e8d854d1a7f1944e1_cgraph.pdf, id=454, 336.25626p
t x 119.44624pt>
File: classamimodel_a73f1b1b08350475e8d854d1a7f1944e1_cgraph.pdf Graphic file (
type pdf)
<use classamimodel_a73f1b1b08350475e8d854d1a7f1944e1_cgraph.pdf>
Package pdftex.def Info: classamimodel_a73f1b1b08350475e8d854d1a7f1944e1_cgraph
.pdf used on input line 425.
(pdftex.def)             Requested size: 335.0pt x 119.00122pt.

<classamimodel_a73f1b1b08350475e8d854d1a7f1944e1_icgraph.pdf, id=455, 231.86626
pt x 138.5175pt>
File: classamimodel_a73f1b1b08350475e8d854d1a7f1944e1_icgraph.pdf Graphic file 
(type pdf)
<use classamimodel_a73f1b1b08350475e8d854d1a7f1944e1_icgraph.pdf>
Package pdftex.def Info: classamimodel_a73f1b1b08350475e8d854d1a7f1944e1_icgrap
h.pdf used on input line 436.
(pdftex.def)             Requested size: 231.0pt x 138.00354pt.

Underfull \vbox (badness 10000) has occurred while \output is active []

[17 <./classamimodel_aca8ccaf522a4aadb4ce12b7b636570b2_icgraph.pdf> <./classami
model_a73f1b1b08350475e8d854d1a7f1944e1_cgraph.pdf>]
<classamimodel_ab2be9a8b5a1467cc7c4a5bcd651c209e_icgraph.pdf, id=486, 440.64626
pt x 119.44624pt>
File: classamimodel_ab2be9a8b5a1467cc7c4a5bcd651c209e_icgraph.pdf Graphic file 
(type pdf)
<use classamimodel_ab2be9a8b5a1467cc7c4a5bcd651c209e_icgraph.pdf>
Package pdftex.def Info: classamimodel_ab2be9a8b5a1467cc7c4a5bcd651c209e_icgrap
h.pdf used on input line 468.
(pdftex.def)             Requested size: 350.0pt x 94.87727pt.

<classamimodel_a47ece64d988c9c183782a94bd7de3e6b_icgraph.pdf, id=487, 566.115pt
 x 133.49875pt>
File: classamimodel_a47ece64d988c9c183782a94bd7de3e6b_icgraph.pdf Graphic file 
(type pdf)
<use classamimodel_a47ece64d988c9c183782a94bd7de3e6b_icgraph.pdf>
Package pdftex.def Info: classamimodel_a47ece64d988c9c183782a94bd7de3e6b_icgrap
h.pdf used on input line 500.
(pdftex.def)             Requested size: 350.0pt x 82.53816pt.

Underfull \vbox (badness 10000) has occurred while \output is active []

[18 <./classamimodel_a73f1b1b08350475e8d854d1a7f1944e1_icgraph.pdf> <./classami
model_ab2be9a8b5a1467cc7c4a5bcd651c209e_icgraph.pdf>]
<classamimodel_a12e6324d6137b28d7f4363aaf309c140_icgraph.pdf, id=520, 482.80376
pt x 119.44624pt>
File: classamimodel_a12e6324d6137b28d7f4363aaf309c140_icgraph.pdf Graphic file 
(type pdf)
<use classamimodel_a12e6324d6137b28d7f4363aaf309c140_icgraph.pdf>
Package pdftex.def Info: classamimodel_a12e6324d6137b28d7f4363aaf309c140_icgrap
h.pdf used on input line 532.
(pdftex.def)             Requested size: 350.0pt x 86.59355pt.

<classamimodel_a08bca7058280eace2b47d57ea04068ef_icgraph.pdf, id=521, 481.8pt x
 119.44624pt>
File: classamimodel_a08bca7058280eace2b47d57ea04068ef_icgraph.pdf Graphic file 
(type pdf)
<use classamimodel_a08bca7058280eace2b47d57ea04068ef_icgraph.pdf>
Package pdftex.def Info: classamimodel_a08bca7058280eace2b47d57ea04068ef_icgrap
h.pdf used on input line 564.
(pdftex.def)             Requested size: 350.0pt x 86.77217pt.
[19 <./classamimodel_a47ece64d988c9c183782a94bd7de3e6b_icgraph.pdf> <./classami
model_a12e6324d6137b28d7f4363aaf309c140_icgraph.pdf> <./classamimodel_a08bca705
8280eace2b47d57ea04068ef_icgraph.pdf>]
<classamimodel_aa04dcfc1d2188cae948a75ebd46a6e03_cgraph.pdf, id=565, 336.25626p
t x 119.44624pt>
File: classamimodel_aa04dcfc1d2188cae948a75ebd46a6e03_cgraph.pdf Graphic file (
type pdf)
<use classamimodel_aa04dcfc1d2188cae948a75ebd46a6e03_cgraph.pdf>
Package pdftex.def Info: classamimodel_aa04dcfc1d2188cae948a75ebd46a6e03_cgraph
.pdf used on input line 599.
(pdftex.def)             Requested size: 335.0pt x 119.00122pt.

<classamimodel_aa04dcfc1d2188cae948a75ebd46a6e03_icgraph.pdf, id=566, 334.24875
pt x 100.375pt>
File: classamimodel_aa04dcfc1d2188cae948a75ebd46a6e03_icgraph.pdf Graphic file 
(type pdf)
<use classamimodel_aa04dcfc1d2188cae948a75ebd46a6e03_icgraph.pdf>
Package pdftex.def Info: classamimodel_aa04dcfc1d2188cae948a75ebd46a6e03_icgrap
h.pdf used on input line 610.
(pdftex.def)             Requested size: 333.0pt x 100.00868pt.

<classamimodel_ab21f46296b0ee0a141c38143a79ad396_icgraph.pdf, id=567, 270.00874
pt x 100.375pt>
File: classamimodel_ab21f46296b0ee0a141c38143a79ad396_icgraph.pdf Graphic file 
(type pdf)
<use classamimodel_ab21f46296b0ee0a141c38143a79ad396_icgraph.pdf>
Package pdftex.def Info: classamimodel_ab21f46296b0ee0a141c38143a79ad396_icgrap
h.pdf used on input line 639.
(pdftex.def)             Requested size: 269.0pt x 100.00255pt.
[20 <./classamimodel_aa04dcfc1d2188cae948a75ebd46a6e03_cgraph.pdf> <./classamim
odel_aa04dcfc1d2188cae948a75ebd46a6e03_icgraph.pdf> <./classamimodel_ab21f46296
b0ee0a141c38143a79ad396_icgraph.pdf>] [21] [22]) (./struct_exp_data.tex) (./str
uct_return_data.tex [23] [24]) (./struct_temp_data.tex [25] [26]) (./struct_use
r_data.tex [27] [28]) (./amiwrap_8c.tex <amiwrap_8c__incl.pdf, id=894, 641.3962
6pt x 213.79875pt>
File: amiwrap_8c__incl.pdf Graphic file (type pdf)
<use amiwrap_8c__incl.pdf>
Package pdftex.def Info: amiwrap_8c__incl.pdf used on input line 19.
(pdftex.def)             Requested size: 350.0pt x 116.6697pt.
<amiwrap_8c__dep__incl.pdf, id=895, 153.57375pt x 157.58875pt>
File: amiwrap_8c__dep__incl.pdf Graphic file (type pdf)
<use amiwrap_8c__dep__incl.pdf>
Package pdftex.def Info: amiwrap_8c__dep__incl.pdf used on input line 26.
(pdftex.def)             Requested size: 153.0pt x 157.00883pt.

Underfull \vbox (badness 10000) has occurred while \output is active []

[29 <./amiwrap_8c__incl.pdf>]
Underfull \hbox (badness 10000) detected at line 67
[][][]
 []


<amiwrap_8c_a6a215cbfde54f82a3ce599228fc3fce5_cgraph.pdf, id=920, 282.05376pt x
 405.515pt>
File: amiwrap_8c_a6a215cbfde54f82a3ce599228fc3fce5_cgraph.pdf Graphic file (typ
e pdf)
<use amiwrap_8c_a6a215cbfde54f82a3ce599228fc3fce5_cgraph.pdf>
Package pdftex.def Info: amiwrap_8c_a6a215cbfde54f82a3ce599228fc3fce5_cgraph.pd
f used on input line 80.
(pdftex.def)             Requested size: 281.0pt x 404.02895pt.

Underfull \vbox (badness 1688) has occurred while \output is active []

[30 <./amiwrap_8c__dep__incl.pdf>]) (./amiwrap_8m.tex [31 <./amiwrap_8c_a6a215c
bfde54f82a3ce599228fc3fce5_cgraph.pdf>]
Underfull \hbox (badness 6691) in paragraph at lines 33--34
[]\T1/phv/m/n/10 tdir tar-get di-rec-tory where the sim-u-la-tion file should b
e placed \T1/phv/b/n/10 Default:
 []

) (./am__setdefault_8m.tex) (./_data_hash_8m.tex
LaTeX Font Info:    Font shape `TS1/phv/m/it' in size <9> not available
(Font)              Font shape `TS1/phv/m/sl' tried instead on input line 21.
LaTeX Font Info:    Font shape `TS1/phv/m/sl' will be
(Font)              scaled to size 8.09995pt on input line 21.
[32]
LaTeX Font Info:    Font shape `T1/pcr/m/it' in size <9> not available
(Font)              Font shape `T1/pcr/m/sl' tried instead on input line 27.

Underfull \hbox (badness 10000) detected at line 45
[][][]
 []


Underfull \hbox (badness 10000) detected at line 48
[][][]
 []


Underfull \hbox (badness 10000) detected at line 51
[][][]
 []


Underfull \hbox (badness 10000) detected at line 54
[][][]
 []


Underfull \hbox (badness 10000) detected at line 57
[][][]
 []


Underfull \hbox (badness 10000) detected at line 60
[][][]
 []


Underfull \hbox (badness 10000) detected at line 63
[][][]
 []


Underfull \hbox (badness 10000) detected at line 66
[][][]
 []


Underfull \hbox (badness 10000) detected at line 69
[][][]
 []


Underfull \hbox (badness 10000) detected at line 72
[][][]
 []


Underfull \hbox (badness 10000) detected at line 75
[][][]
 []

[33]
Underfull \hbox (badness 10000) detected at line 78
[][][]
 []


Overfull \hbox (24.09259pt too wide) in paragraph at lines 79--80
[]\T1/phv/m/n/10 Opt = struct(\T1/pcr/m/n/10 Method\T1/phv/m/n/10 , \T1/pcr/m/n
/10 SHA-1\T1/phv/m/n/10 , \T1/pcr/m/n/10 Input\T1/phv/m/n/10 , \T1/pcr/m/n/10 b
in\T1/phv/m/n/10 ); DataHash(1:8, Opt) % 826cf9d3a5d74bbe415e97d4cecf03f445f692
25
 []

LaTeX Font Info:    Font shape `TS1/phv/bc/n' will be
(Font)              scaled to size 8.99994pt on input line 81.

Underfull \hbox (badness 10000) detected at line 81
[][][]
 []


Overfull \hbox (144.4985pt too wide) in paragraph at lines 82--83
[]\T1/phv/m/n/10 Opt.Method = \T1/pcr/m/n/10 SHA-256\T1/phv/m/n/10 ; Opt.Input 
= \T1/pcr/m/n/10 ascii\T1/phv/m/n/10 ; DataHash(\T1/pcr/m/n/10 abc\T1/phv/m/n/1
0 , Opt) % ba7816bf8f01cfea414140de5dae2223b00361a396177a9cb410ff61f20015ad
 []


Underfull \hbox (badness 10000) detected at line 84
[][][]
 []


Underfull \hbox (badness 10000) detected at line 87
[][][]
 []


Underfull \hbox (badness 10000) detected at line 90
[][][]
 []


Underfull \hbox (badness 10000) detected at line 99
[][][]
 []


Underfull \hbox (badness 10000) detected at line 104
[][][]
 []


Underfull \hbox (badness 10000) detected at line 107
[][][]
 []


Underfull \hbox (badness 10000) detected at line 110
[][][]
 []


Underfull \hbox (badness 10000) detected at line 113
[][][]
 []


Underfull \hbox (badness 10000) detected at line 116
[][][]
 []


<_data_hash_8m_a4c7237b24544ef3ff686d60f76ff1dd7_icgraph.pdf, id=1001, 295.1025
pt x 100.375pt>
File: _data_hash_8m_a4c7237b24544ef3ff686d60f76ff1dd7_icgraph.pdf Graphic file 
(type pdf)
<use _data_hash_8m_a4c7237b24544ef3ff686d60f76ff1dd7_icgraph.pdf>
Package pdftex.def Info: _data_hash_8m_a4c7237b24544ef3ff686d60f76ff1dd7_icgrap
h.pdf used on input line 129.
(pdftex.def)             Requested size: 294.0pt x 100.00255pt.
[34]) (./amici_8c.tex <amici_8c__dep__incl.pdf, id=1006, 162.6075pt x 271.0125p
t>
File: amici_8c__dep__incl.pdf Graphic file (type pdf)
<use amici_8c__dep__incl.pdf>
Package pdftex.def Info: amici_8c__dep__incl.pdf used on input line 12.
(pdftex.def)             Requested size: 162.0pt x 270.01935pt.
[35 <./_data_hash_8m_a4c7237b24544ef3ff686d60f76ff1dd7_icgraph.pdf> <./amici_8c
__dep__incl.pdf>]
Underfull \hbox (badness 10000) detected at line 61
[][][]
 []


<amici_8c_aaa3b0319b9104865ac61df2ea87b8a13_icgraph.pdf, id=1059, 273.02pt x 10
0.375pt>
File: amici_8c_aaa3b0319b9104865ac61df2ea87b8a13_icgraph.pdf Graphic file (type
 pdf)
<use amici_8c_aaa3b0319b9104865ac61df2ea87b8a13_icgraph.pdf>
Package pdftex.def Info: amici_8c_aaa3b0319b9104865ac61df2ea87b8a13_icgraph.pdf
 used on input line 74.
(pdftex.def)             Requested size: 272.0pt x 100.00562pt.

Underfull \hbox (badness 10000) detected at line 100
[][][]
 []


<amici_8c_a1f59a60d757981b9a2196bc6b3491027_icgraph.pdf, id=1062, 247.92625pt x
 100.375pt>
File: amici_8c_a1f59a60d757981b9a2196bc6b3491027_icgraph.pdf Graphic file (type
 pdf)
<use amici_8c_a1f59a60d757981b9a2196bc6b3491027_icgraph.pdf>
Package pdftex.def Info: amici_8c_a1f59a60d757981b9a2196bc6b3491027_icgraph.pdf
 used on input line 113.
(pdftex.def)             Requested size: 247.0pt x 100.00102pt.
[36 <./amici_8c_aaa3b0319b9104865ac61df2ea87b8a13_icgraph.pdf>]
Underfull \hbox (badness 10000) detected at line 142
[][][]
 []


<amici_8c_a3899f1dc888ee4e27c36d139dd938fc0_icgraph.pdf, id=1091, 254.9525pt x 
100.375pt>
File: amici_8c_a3899f1dc888ee4e27c36d139dd938fc0_icgraph.pdf Graphic file (type
 pdf)
<use amici_8c_a3899f1dc888ee4e27c36d139dd938fc0_icgraph.pdf>
Package pdftex.def Info: amici_8c_a3899f1dc888ee4e27c36d139dd938fc0_icgraph.pdf
 used on input line 155.
(pdftex.def)             Requested size: 254.0pt x 100.00409pt.
[37 <./amici_8c_a1f59a60d757981b9a2196bc6b3491027_icgraph.pdf> <./amici_8c_a389
9f1dc888ee4e27c36d139dd938fc0_icgraph.pdf>]
Underfull \hbox (badness 10000) detected at line 177
[][][]
 []


<amici_8c_af60e81f8da9f9fe2ef8cdc8549a48ce1_icgraph.pdf, id=1124, 282.05376pt x
 100.375pt>
File: amici_8c_af60e81f8da9f9fe2ef8cdc8549a48ce1_icgraph.pdf Graphic file (type
 pdf)
<use amici_8c_af60e81f8da9f9fe2ef8cdc8549a48ce1_icgraph.pdf>
Package pdftex.def Info: amici_8c_af60e81f8da9f9fe2ef8cdc8549a48ce1_icgraph.pdf
 used on input line 191.
(pdftex.def)             Requested size: 281.0pt x 100.00716pt.

Underfull \hbox (badness 10000) detected at line 213
[][][]
 []


<amici_8c_a3c8f6481c1efc210fe8d82c618ddfcca_icgraph.pdf, id=1127, 269.005pt x 1
00.375pt>
File: amici_8c_a3c8f6481c1efc210fe8d82c618ddfcca_icgraph.pdf Graphic file (type
 pdf)
<use amici_8c_a3c8f6481c1efc210fe8d82c618ddfcca_icgraph.pdf>
Package pdftex.def Info: amici_8c_a3c8f6481c1efc210fe8d82c618ddfcca_icgraph.pdf
 used on input line 227.
(pdftex.def)             Requested size: 268.0pt x 100.00102pt.
[38 <./amici_8c_af60e81f8da9f9fe2ef8cdc8549a48ce1_icgraph.pdf> <./amici_8c_a3c8
f6481c1efc210fe8d82c618ddfcca_icgraph.pdf>]
Underfull \hbox (badness 10000) detected at line 267
[][][]
 []


<amici_8c_a85cdb132d0e8a2682f83f4c9603369a0_icgraph.pdf, id=1161, 282.05376pt x
 100.375pt>
File: amici_8c_a85cdb132d0e8a2682f83f4c9603369a0_icgraph.pdf Graphic file (type
 pdf)
<use amici_8c_a85cdb132d0e8a2682f83f4c9603369a0_icgraph.pdf>
Package pdftex.def Info: amici_8c_a85cdb132d0e8a2682f83f4c9603369a0_icgraph.pdf
 used on input line 280.
(pdftex.def)             Requested size: 281.0pt x 100.00716pt.
[39 <./amici_8c_a85cdb132d0e8a2682f83f4c9603369a0_icgraph.pdf>]
Underfull \hbox (badness 10000) detected at line 328
[][][]
 []


<amici_8c_a3c17fa40a52b536834ef24655e1bee21_icgraph.pdf, id=1184, 282.05376pt x
 100.375pt>
File: amici_8c_a3c17fa40a52b536834ef24655e1bee21_icgraph.pdf Graphic file (type
 pdf)
<use amici_8c_a3c17fa40a52b536834ef24655e1bee21_icgraph.pdf>
Package pdftex.def Info: amici_8c_a3c17fa40a52b536834ef24655e1bee21_icgraph.pdf
 used on input line 341.
(pdftex.def)             Requested size: 281.0pt x 100.00716pt.

Underfull \hbox (badness 10000) detected at line 377
[][][]
 []


<amici_8c_a13d94826e6a875f0e06ec633a88dd551_icgraph.pdf, id=1187, 263.98625pt x
 100.375pt>
File: amici_8c_a13d94826e6a875f0e06ec633a88dd551_icgraph.pdf Graphic file (type
 pdf)
<use amici_8c_a13d94826e6a875f0e06ec633a88dd551_icgraph.pdf>
Package pdftex.def Info: amici_8c_a13d94826e6a875f0e06ec633a88dd551_icgraph.pdf
 used on input line 390.
(pdftex.def)             Requested size: 263.0pt x 100.00562pt.
[40 <./amici_8c_a3c17fa40a52b536834ef24655e1bee21_icgraph.pdf> <./amici_8c_a13d
94826e6a875f0e06ec633a88dd551_icgraph.pdf>]
Underfull \hbox (badness 10000) detected at line 430
[][][]
 []


<amici_8c_a90da28fbc4745516101db3c8d6be9305_icgraph.pdf, id=1221, 271.0125pt x 
100.375pt>
File: amici_8c_a90da28fbc4745516101db3c8d6be9305_icgraph.pdf Graphic file (type
 pdf)
<use amici_8c_a90da28fbc4745516101db3c8d6be9305_icgraph.pdf>
Package pdftex.def Info: amici_8c_a90da28fbc4745516101db3c8d6be9305_icgraph.pdf
 used on input line 443.
(pdftex.def)             Requested size: 270.0pt x 100.00409pt.
) (./spline_8c.tex <spline_8c__dep__incl.pdf, id=1222, 204.765pt x 157.58875pt>
File: spline_8c__dep__incl.pdf Graphic file (type pdf)
<use spline_8c__dep__incl.pdf>
Package pdftex.def Info: spline_8c__dep__incl.pdf used on input line 12.
(pdftex.def)             Requested size: 204.0pt x 157.00883pt.
[41 <./amici_8c_a90da28fbc4745516101db3c8d6be9305_icgraph.pdf> <./spline_8c__de
p__incl.pdf>]
Underfull \hbox (badness 10000) detected at line 29
[][][]
 []

[42]
Underfull \hbox (badness 10000) detected at line 136
[][][]
 []


Underfull \hbox (badness 10000) detected at line 177
[][][]
 []

[43]
Underfull \hbox (badness 10000) detected at line 225
[][][]
 []

) (./symbolic__functions_8c.tex <symbolic__functions_8c__incl.pdf, id=1288, 212
.795pt x 157.58875pt>
File: symbolic__functions_8c__incl.pdf Graphic file (type pdf)
<use symbolic__functions_8c__incl.pdf>
Package pdftex.def Info: symbolic__functions_8c__incl.pdf used on input line 14
.
(pdftex.def)             Requested size: 212.0pt x 157.00883pt.
[44 <./symbolic__functions_8c__incl.pdf>] [45]
Underfull \hbox (badness 10000) detected at line 131
[][][]
 []


Underfull \hbox (badness 10000) detected at line 161
[][][]
 []


Underfull \hbox (badness 10000) detected at line 187
[][][]
 []

[46] [47]
Underfull \hbox (badness 10000) detected at line 217
[][][]
 []


Underfull \hbox (badness 10000) detected at line 243
[][][]
 []


Underfull \hbox (badness 10000) detected at line 273
[][][]
 []

[48]
Underfull \hbox (badness 10000) detected at line 299
[][][]
 []


Underfull \hbox (badness 10000) detected at line 329
[][][]
 []


Underfull \hbox (badness 10000) detected at line 358
[][][]
 []

[49]
Underfull \hbox (badness 10000) detected at line 391
[][][]
 []


Underfull \hbox (badness 10000) detected at line 424
[][][]
 []


Underfull \hbox (badness 10000) detected at line 454
[][][]
 []

[50]
Underfull \hbox (badness 10000) detected at line 481
[][][]
 []


Underfull \hbox (badness 10000) detected at line 511
[][][]
 []


Underfull \hbox (badness 10000) detected at line 538
[][][]
 []

[51]
Underfull \hbox (badness 10000) detected at line 568
[][][]
 []


Underfull \hbox (badness 10000) detected at line 598
[][][]
 []


Underfull \hbox (badness 10000) detected at line 628
[][][]
 []

[52]
Underfull \hbox (badness 10000) detected at line 653
[][][]
 []


Underfull \hbox (badness 10000) detected at line 674
[][][]
 []


Underfull \hbox (badness 10000) detected at line 698
[][][]
 []

[53]
Underfull \hbox (badness 10000) detected at line 744
[][][]
 []


<symbolic__functions_8c_aa6e6e221b6ed1a5b42c3625516ae62fa_cgraph.pdf, id=1449, 
206.7725pt x 138.5175pt>
File: symbolic__functions_8c_aa6e6e221b6ed1a5b42c3625516ae62fa_cgraph.pdf Graph
ic file (type pdf)
<use symbolic__functions_8c_aa6e6e221b6ed1a5b42c3625516ae62fa_cgraph.pdf>
Package pdftex.def Info: symbolic__functions_8c_aa6e6e221b6ed1a5b42c3625516ae62
fa_cgraph.pdf used on input line 757.
(pdftex.def)             Requested size: 206.0pt x 138.00354pt.

Underfull \hbox (badness 10000) detected at line 800
[][][]
 []


<symbolic__functions_8c_a34a7ee564e91dab79ce4fe87ef81e30f_cgraph.pdf, id=1450, 
228.855pt x 138.5175pt>
File: symbolic__functions_8c_a34a7ee564e91dab79ce4fe87ef81e30f_cgraph.pdf Graph
ic file (type pdf)
<use symbolic__functions_8c_a34a7ee564e91dab79ce4fe87ef81e30f_cgraph.pdf>
Package pdftex.def Info: symbolic__functions_8c_a34a7ee564e91dab79ce4fe87ef81e3
0f_cgraph.pdf used on input line 813.
(pdftex.def)             Requested size: 228.0pt x 138.00565pt.

<symbolic__functions_8c_a34a7ee564e91dab79ce4fe87ef81e30f_icgraph.pdf, id=1451,
 262.9825pt x 100.375pt>
File: symbolic__functions_8c_a34a7ee564e91dab79ce4fe87ef81e30f_icgraph.pdf Grap
hic file (type pdf)
<use symbolic__functions_8c_a34a7ee564e91dab79ce4fe87ef81e30f_icgraph.pdf>
Package pdftex.def Info: symbolic__functions_8c_a34a7ee564e91dab79ce4fe87ef81e3
0f_icgraph.pdf used on input line 824.
(pdftex.def)             Requested size: 262.0pt x 100.00409pt.
[54 <./symbolic__functions_8c_aa6e6e221b6ed1a5b42c3625516ae62fa_cgraph.pdf> <./
symbolic__functions_8c_a34a7ee564e91dab79ce4fe87ef81e30f_cgraph.pdf>]
Underfull \hbox (badness 10000) detected at line 873
[][][]
 []


<symbolic__functions_8c_a95ad6634f570763a8eddc88bb2feeeb1_cgraph.pdf, id=1482, 
206.7725pt x 138.5175pt>
File: symbolic__functions_8c_a95ad6634f570763a8eddc88bb2feeeb1_cgraph.pdf Graph
ic file (type pdf)
<use symbolic__functions_8c_a95ad6634f570763a8eddc88bb2feeeb1_cgraph.pdf>
Package pdftex.def Info: symbolic__functions_8c_a95ad6634f570763a8eddc88bb2feee
b1_cgraph.pdf used on input line 886.
(pdftex.def)             Requested size: 206.0pt x 138.00354pt.
[55 <./symbolic__functions_8c_a34a7ee564e91dab79ce4fe87ef81e30f_icgraph.pdf> <.
/symbolic__functions_8c_a95ad6634f570763a8eddc88bb2feeeb1_cgraph.pdf>]
Underfull \hbox (badness 10000) detected at line 935
[][][]
 []


<symbolic__functions_8c_a866f6967f6b464c701096b7b3b83ae93_cgraph.pdf, id=1513, 
228.855pt x 138.5175pt>
File: symbolic__functions_8c_a866f6967f6b464c701096b7b3b83ae93_cgraph.pdf Graph
ic file (type pdf)
<use symbolic__functions_8c_a866f6967f6b464c701096b7b3b83ae93_cgraph.pdf>
Package pdftex.def Info: symbolic__functions_8c_a866f6967f6b464c701096b7b3b83ae
93_cgraph.pdf used on input line 948.
(pdftex.def)             Requested size: 228.0pt x 138.00565pt.

<symbolic__functions_8c_a866f6967f6b464c701096b7b3b83ae93_icgraph.pdf, id=1514,
 262.9825pt x 100.375pt>
File: symbolic__functions_8c_a866f6967f6b464c701096b7b3b83ae93_icgraph.pdf Grap
hic file (type pdf)
<use symbolic__functions_8c_a866f6967f6b464c701096b7b3b83ae93_icgraph.pdf>
Package pdftex.def Info: symbolic__functions_8c_a866f6967f6b464c701096b7b3b83ae
93_icgraph.pdf used on input line 959.
(pdftex.def)             Requested size: 262.0pt x 100.00409pt.
[56 <./symbolic__functions_8c_a866f6967f6b464c701096b7b3b83ae93_cgraph.pdf> <./
symbolic__functions_8c_a866f6967f6b464c701096b7b3b83ae93_icgraph.pdf>]
Underfull \hbox (badness 10000) detected at line 1014
[][][]
 []


<symbolic__functions_8c_afa04c18aa6bdc6d770a935a86b4b0e73_cgraph.pdf, id=1545, 
206.7725pt x 138.5175pt>
File: symbolic__functions_8c_afa04c18aa6bdc6d770a935a86b4b0e73_cgraph.pdf Graph
ic file (type pdf)
<use symbolic__functions_8c_afa04c18aa6bdc6d770a935a86b4b0e73_cgraph.pdf>
Package pdftex.def Info: symbolic__functions_8c_afa04c18aa6bdc6d770a935a86b4b0e
73_cgraph.pdf used on input line 1027.
(pdftex.def)             Requested size: 206.0pt x 138.00354pt.
[57 <./symbolic__functions_8c_afa04c18aa6bdc6d770a935a86b4b0e73_cgraph.pdf>]
Underfull \hbox (badness 10000) detected at line 1082
[][][]
 []


<symbolic__functions_8c_a41ebd58374fbdc9376a55d227807f98b_cgraph.pdf, id=1563, 
228.855pt x 138.5175pt>
File: symbolic__functions_8c_a41ebd58374fbdc9376a55d227807f98b_cgraph.pdf Graph
ic file (type pdf)
<use symbolic__functions_8c_a41ebd58374fbdc9376a55d227807f98b_cgraph.pdf>
Package pdftex.def Info: symbolic__functions_8c_a41ebd58374fbdc9376a55d227807f9
8b_cgraph.pdf used on input line 1095.
(pdftex.def)             Requested size: 228.0pt x 138.00565pt.

<symbolic__functions_8c_a41ebd58374fbdc9376a55d227807f98b_icgraph.pdf, id=1564,
 262.9825pt x 100.375pt>
File: symbolic__functions_8c_a41ebd58374fbdc9376a55d227807f98b_icgraph.pdf Grap
hic file (type pdf)
<use symbolic__functions_8c_a41ebd58374fbdc9376a55d227807f98b_icgraph.pdf>
Package pdftex.def Info: symbolic__functions_8c_a41ebd58374fbdc9376a55d227807f9
8b_icgraph.pdf used on input line 1106.
(pdftex.def)             Requested size: 262.0pt x 100.00409pt.
[58 <./symbolic__functions_8c_a41ebd58374fbdc9376a55d227807f98b_cgraph.pdf> <./
symbolic__functions_8c_a41ebd58374fbdc9376a55d227807f98b_icgraph.pdf>]
Underfull \hbox (badness 10000) detected at line 1191
[][][]
 []


<symbolic__functions_8c_a6f89e150cf66077936f0a5b041a1655e_cgraph.pdf, id=1594, 
211.79124pt x 138.5175pt>
File: symbolic__functions_8c_a6f89e150cf66077936f0a5b041a1655e_cgraph.pdf Graph
ic file (type pdf)
<use symbolic__functions_8c_a6f89e150cf66077936f0a5b041a1655e_cgraph.pdf>
Package pdftex.def Info: symbolic__functions_8c_a6f89e150cf66077936f0a5b041a165
5e_cgraph.pdf used on input line 1204.
(pdftex.def)             Requested size: 211.0pt x 138.00565pt.
[59 <./symbolic__functions_8c_a6f89e150cf66077936f0a5b041a1655e_cgraph.pdf>]
Underfull \hbox (badness 10000) detected at line 1289
[][][]
 []


<symbolic__functions_8c_a7bac14600e5a7b75bc4ca0ff1a64ceaf_cgraph.pdf, id=1612, 
233.87375pt x 138.5175pt>
File: symbolic__functions_8c_a7bac14600e5a7b75bc4ca0ff1a64ceaf_cgraph.pdf Graph
ic file (type pdf)
<use symbolic__functions_8c_a7bac14600e5a7b75bc4ca0ff1a64ceaf_cgraph.pdf>
Package pdftex.def Info: symbolic__functions_8c_a7bac14600e5a7b75bc4ca0ff1a64ce
af_cgraph.pdf used on input line 1302.
(pdftex.def)             Requested size: 233.0pt x 138.00777pt.

<symbolic__functions_8c_a7bac14600e5a7b75bc4ca0ff1a64ceaf_icgraph.pdf, id=1613,
 274.02374pt x 100.375pt>
File: symbolic__functions_8c_a7bac14600e5a7b75bc4ca0ff1a64ceaf_icgraph.pdf Grap
hic file (type pdf)
<use symbolic__functions_8c_a7bac14600e5a7b75bc4ca0ff1a64ceaf_icgraph.pdf>
Package pdftex.def Info: symbolic__functions_8c_a7bac14600e5a7b75bc4ca0ff1a64ce
af_icgraph.pdf used on input line 1313.
(pdftex.def)             Requested size: 273.0pt x 100.00716pt.
[60 <./symbolic__functions_8c_a7bac14600e5a7b75bc4ca0ff1a64ceaf_cgraph.pdf> <./
symbolic__functions_8c_a7bac14600e5a7b75bc4ca0ff1a64ceaf_icgraph.pdf>]
Underfull \hbox (badness 10000) detected at line 1359
[][][]
 []


<symbolic__functions_8c_a883efcebfcb7e66a6e1f76da7aed4b7e_cgraph.pdf, id=1644, 
213.79875pt x 138.5175pt>
File: symbolic__functions_8c_a883efcebfcb7e66a6e1f76da7aed4b7e_cgraph.pdf Graph
ic file (type pdf)
<use symbolic__functions_8c_a883efcebfcb7e66a6e1f76da7aed4b7e_cgraph.pdf>
Package pdftex.def Info: symbolic__functions_8c_a883efcebfcb7e66a6e1f76da7aed4b
7e_cgraph.pdf used on input line 1372.
(pdftex.def)             Requested size: 213.0pt x 137.99931pt.

<symbolic__functions_8c_a883efcebfcb7e66a6e1f76da7aed4b7e_icgraph.pdf, id=1645,
 248.93pt x 100.375pt>
File: symbolic__functions_8c_a883efcebfcb7e66a6e1f76da7aed4b7e_icgraph.pdf Grap
hic file (type pdf)
<use symbolic__functions_8c_a883efcebfcb7e66a6e1f76da7aed4b7e_icgraph.pdf>
Package pdftex.def Info: symbolic__functions_8c_a883efcebfcb7e66a6e1f76da7aed4b
7e_icgraph.pdf used on input line 1383.
(pdftex.def)             Requested size: 248.0pt x 100.00255pt.
[61 <./symbolic__functions_8c_a883efcebfcb7e66a6e1f76da7aed4b7e_cgraph.pdf> <./
symbolic__functions_8c_a883efcebfcb7e66a6e1f76da7aed4b7e_icgraph.pdf>]
Underfull \hbox (badness 10000) detected at line 1429
[][][]
 []


<symbolic__functions_8c_a6e6d82835b091ee76ea447f0b0fd8a61_cgraph.pdf, id=1676, 
341.275pt x 138.5175pt>
File: symbolic__functions_8c_a6e6d82835b091ee76ea447f0b0fd8a61_cgraph.pdf Graph
ic file (type pdf)
<use symbolic__functions_8c_a6e6d82835b091ee76ea447f0b0fd8a61_cgraph.pdf>
Package pdftex.def Info: symbolic__functions_8c_a6e6d82835b091ee76ea447f0b0fd8a
61_cgraph.pdf used on input line 1442.
(pdftex.def)             Requested size: 340.0pt x 138.00777pt.
[62 <./symbolic__functions_8c_a6e6d82835b091ee76ea447f0b0fd8a61_cgraph.pdf>]
Underfull \hbox (badness 10000) detected at line 1494
[][][]
 []


<symbolic__functions_8c_a7161e35213ed166ccc1804395d697f3d_cgraph.pdf, id=1694, 
213.79875pt x 138.5175pt>
File: symbolic__functions_8c_a7161e35213ed166ccc1804395d697f3d_cgraph.pdf Graph
ic file (type pdf)
<use symbolic__functions_8c_a7161e35213ed166ccc1804395d697f3d_cgraph.pdf>
Package pdftex.def Info: symbolic__functions_8c_a7161e35213ed166ccc1804395d697f
3d_cgraph.pdf used on input line 1507.
(pdftex.def)             Requested size: 213.0pt x 137.99931pt.

<symbolic__functions_8c_a7161e35213ed166ccc1804395d697f3d_icgraph.pdf, id=1695,
 248.93pt x 100.375pt>
File: symbolic__functions_8c_a7161e35213ed166ccc1804395d697f3d_icgraph.pdf Grap
hic file (type pdf)
<use symbolic__functions_8c_a7161e35213ed166ccc1804395d697f3d_icgraph.pdf>
Package pdftex.def Info: symbolic__functions_8c_a7161e35213ed166ccc1804395d697f
3d_icgraph.pdf used on input line 1518.
(pdftex.def)             Requested size: 248.0pt x 100.00255pt.
[63 <./symbolic__functions_8c_a7161e35213ed166ccc1804395d697f3d_cgraph.pdf> <./
symbolic__functions_8c_a7161e35213ed166ccc1804395d697f3d_icgraph.pdf>]
Underfull \hbox (badness 10000) detected at line 1570
[][][]
 []


<symbolic__functions_8c_a1fe37906f0c082b37c3d23ea18dbc37a_cgraph.pdf, id=1725, 
341.275pt x 138.5175pt>
File: symbolic__functions_8c_a1fe37906f0c082b37c3d23ea18dbc37a_cgraph.pdf Graph
ic file (type pdf)
<use symbolic__functions_8c_a1fe37906f0c082b37c3d23ea18dbc37a_cgraph.pdf>
Package pdftex.def Info: symbolic__functions_8c_a1fe37906f0c082b37c3d23ea18dbc3
7a_cgraph.pdf used on input line 1583.
(pdftex.def)             Requested size: 340.0pt x 138.00777pt.

Underfull \hbox (badness 10000) detected at line 1641
[][][]
 []


<symbolic__functions_8c_a95befe1853ab7bf8ce801c5eee3d9d29_cgraph.pdf, id=1726, 
213.79875pt x 138.5175pt>
File: symbolic__functions_8c_a95befe1853ab7bf8ce801c5eee3d9d29_cgraph.pdf Graph
ic file (type pdf)
<use symbolic__functions_8c_a95befe1853ab7bf8ce801c5eee3d9d29_cgraph.pdf>
Package pdftex.def Info: symbolic__functions_8c_a95befe1853ab7bf8ce801c5eee3d9d
29_cgraph.pdf used on input line 1654.
(pdftex.def)             Requested size: 213.0pt x 137.99931pt.

Underfull \vbox (badness 1629) has occurred while \output is active []

[64 <./symbolic__functions_8c_a1fe37906f0c082b37c3d23ea18dbc37a_cgraph.pdf>]
<symbolic__functions_8c_a95befe1853ab7bf8ce801c5eee3d9d29_icgraph.pdf, id=1744,
 248.93pt x 100.375pt>
File: symbolic__functions_8c_a95befe1853ab7bf8ce801c5eee3d9d29_icgraph.pdf Grap
hic file (type pdf)
<use symbolic__functions_8c_a95befe1853ab7bf8ce801c5eee3d9d29_icgraph.pdf>
Package pdftex.def Info: symbolic__functions_8c_a95befe1853ab7bf8ce801c5eee3d9d
29_icgraph.pdf used on input line 1665.
(pdftex.def)             Requested size: 248.0pt x 100.00255pt.
[65 <./symbolic__functions_8c_a95befe1853ab7bf8ce801c5eee3d9d29_cgraph.pdf> <./
symbolic__functions_8c_a95befe1853ab7bf8ce801c5eee3d9d29_icgraph.pdf>]
Underfull \hbox (badness 10000) detected at line 1723
[][][]
 []


<symbolic__functions_8c_aa0710e8c25f3d878c56d03404d51d934_cgraph.pdf, id=1775, 
341.275pt x 138.5175pt>
File: symbolic__functions_8c_aa0710e8c25f3d878c56d03404d51d934_cgraph.pdf Graph
ic file (type pdf)
<use symbolic__functions_8c_aa0710e8c25f3d878c56d03404d51d934_cgraph.pdf>
Package pdftex.def Info: symbolic__functions_8c_aa0710e8c25f3d878c56d03404d51d9
34_cgraph.pdf used on input line 1736.
(pdftex.def)             Requested size: 340.0pt x 138.00777pt.
[66 <./symbolic__functions_8c_aa0710e8c25f3d878c56d03404d51d934_cgraph.pdf>]
Underfull \hbox (badness 10000) detected at line 1824
[][][]
 []


<symbolic__functions_8c_ac6a35d8f267a9c9dbbf5c6afc7705e85_cgraph.pdf, id=1794, 
219.82124pt x 138.5175pt>
File: symbolic__functions_8c_ac6a35d8f267a9c9dbbf5c6afc7705e85_cgraph.pdf Graph
ic file (type pdf)
<use symbolic__functions_8c_ac6a35d8f267a9c9dbbf5c6afc7705e85_cgraph.pdf>
Package pdftex.def Info: symbolic__functions_8c_ac6a35d8f267a9c9dbbf5c6afc7705e
85_cgraph.pdf used on input line 1837.
(pdftex.def)             Requested size: 219.0pt x 138.00354pt.

<symbolic__functions_8c_ac6a35d8f267a9c9dbbf5c6afc7705e85_icgraph.pdf, id=1795,
 259.97125pt x 100.375pt>
File: symbolic__functions_8c_ac6a35d8f267a9c9dbbf5c6afc7705e85_icgraph.pdf Grap
hic file (type pdf)
<use symbolic__functions_8c_ac6a35d8f267a9c9dbbf5c6afc7705e85_icgraph.pdf>
Package pdftex.def Info: symbolic__functions_8c_ac6a35d8f267a9c9dbbf5c6afc7705e
85_icgraph.pdf used on input line 1848.
(pdftex.def)             Requested size: 259.0pt x 99.9995pt.
[67 <./symbolic__functions_8c_ac6a35d8f267a9c9dbbf5c6afc7705e85_cgraph.pdf> <./
symbolic__functions_8c_ac6a35d8f267a9c9dbbf5c6afc7705e85_icgraph.pdf>]
Underfull \hbox (badness 10000) detected at line 1936
[][][]
 []


<symbolic__functions_8c_afae48263cbf04b2399bdc684727b6609_cgraph.pdf, id=1825, 
352.31625pt x 138.5175pt>
File: symbolic__functions_8c_afae48263cbf04b2399bdc684727b6609_cgraph.pdf Graph
ic file (type pdf)
<use symbolic__functions_8c_afae48263cbf04b2399bdc684727b6609_cgraph.pdf>
Package pdftex.def Info: symbolic__functions_8c_afae48263cbf04b2399bdc684727b66
09_cgraph.pdf used on input line 1949.
(pdftex.def)             Requested size: 350.0pt x 137.60619pt.
) [68 <./symbolic__functions_8c_afae48263cbf04b2399bdc684727b6609_cgraph.pdf>]
No file refman.ind.
Package atveryend Info: Empty hook `BeforeClearDocument' on input line 177.
Package atveryend Info: Empty hook `AfterLastShipout' on input line 177.
(./refman.aux)
Package atveryend Info: Executing hook `AtVeryEndDocument' on input line 177.
Package atveryend Info: Executing hook `AtEndAfterFileList' on input line 177.

Package rerunfilecheck Warning: File `refman.out' has changed.
(rerunfilecheck)                Rerun to get outlines right
(rerunfilecheck)                or use package `bookmark'.

Package rerunfilecheck Info: Checksums for `refman.out':
(rerunfilecheck)             Before: <no file>
(rerunfilecheck)             After:  56006C7E7071EAFFAF6E6F09BEA7140F;5079.

LaTeX Warning: There were undefined references.


LaTeX Warning: Label(s) may have changed. Rerun to get cross-references right.

Package atveryend Info: Empty hook `AtVeryVeryEnd' on input line 177.
 ) 
Here is how much of TeX's memory you used:
 14748 strings out of 493089
 234542 string characters out of 6134842
 284777 words of memory out of 5000000
 17388 multiletter control sequences out of 15000+600000
 48803 words of font info for 62 fonts, out of 8000000 for 9000
 1141 hyphenation exceptions out of 8191
 48i,12n,43p,1964b,531s stack positions out of 5000i,500n,10000p,200000b,80000s
pdfTeX warning (dest): name{idawrap_8h_source} has been referenced but does n
ot exist, replaced by a fixed one

pdfTeX warning (dest): name{cvodewrap_8h_source} has been referenced but does n
ot exist, replaced by a fixed one

{/usr/local/texlive/2015/texmf-dist/fonts/enc/dvips/base/8r.enc}</usr/local/tex
live/2015/texmf-dist/fonts/type1/public/amsfonts/cm/cmex10.pfb></usr/local/texl
ive/2015/texmf-dist/fonts/type1/public/amsfonts/cm/cmmi10.pfb></usr/local/texli
ve/2015/texmf-dist/fonts/type1/public/amsfonts/cm/cmmi7.pfb></usr/local/texlive
/2015/texmf-dist/fonts/type1/public/amsfonts/cm/cmr10.pfb></usr/local/texlive/2
015/texmf-dist/fonts/type1/public/amsfonts/cm/cmr7.pfb></usr/local/texlive/2015
/texmf-dist/fonts/type1/public/amsfonts/cm/cmsy10.pfb></usr/local/texlive/2015/
texmf-dist/fonts/type1/public/amsfonts/cm/cmsy7.pfb></usr/local/texlive/2015/te
xmf-dist/fonts/type1/urw/courier/ucrr8a.pfb></usr/local/texlive/2015/texmf-dist
/fonts/type1/urw/courier/ucrro8a.pfb></usr/local/texlive/2015/texmf-dist/fonts/
type1/urw/helvetic/uhvb8a.pfb></usr/local/texlive/2015/texmf-dist/fonts/type1/u
rw/helvetic/uhvb8ac.pfb></usr/local/texlive/2015/texmf-dist/fonts/type1/urw/hel
vetic/uhvbo8ac.pfb></usr/local/texlive/2015/texmf-dist/fonts/type1/urw/helvetic
/uhvr8a.pfb></usr/local/texlive/2015/texmf-dist/fonts/type1/urw/helvetic/uhvro8
a.pfb>
Output written on refman.pdf (69 pages, 1044244 bytes).
PDF statistics:
 1995 PDF objects out of 2073 (max. 8388607)
 1721 compressed objects within 18 object streams
 502 named destinations out of 1000 (max. 500000)
 286 words of extra memory for PDF output out of 10000 (max. 10000000)

