/Users/F.Froehlich/Documents/MATLAB/AMICI/@SBMLode/importSBML.m:18: warning: documented symbol `noret::substitute importSBML' was not declared or defined.
/Users/F.Froehlich/Documents/MATLAB/AMICI/amiwrap.c:1: warning: Member _USE_MATH_DEFINES (macro definition) of file amiwrap.c is not documented.
/Users/F.Froehlich/Documents/MATLAB/AMICI/amiwrap.c:1: warning: Member M_PI (macro definition) of file amiwrap.c is not documented.
/Users/F.Froehlich/Documents/MATLAB/AMICI/src/amici.c:1: warning: Member M_PI (macro definition) of file amici.c is not documented.
/Users/F.Froehlich/Documents/MATLAB/AMICI/src/amici.c:1: warning: Member initField2(FIELD, D1, D2) (macro definition) of file amici.c is not documented.
/Users/F.Froehlich/Documents/MATLAB/AMICI/src/amici.c:1: warning: Member initField3(FIELD, D1, D2, D3) (macro definition) of file amici.c is not documented.
/Users/F.Froehlich/Documents/MATLAB/AMICI/src/amici.c:1: warning: Member readOptionScalar(OPTION, TYPE) (macro definition) of file amici.c is not documented.
/Users/F.Froehlich/Documents/MATLAB/AMICI/src/amici.c:1: warning: Member readOptionData(OPTION) (macro definition) of file amici.c is not documented.
/Users/F.Froehlich/Documents/MATLAB/AMICI/src/amici.c:1: warning: Member AMI_SUCCESS (macro definition) of file amici.c is not documented.
/Users/F.Froehlich/Documents/MATLAB/AMICI/src/amici.c:20: warning: parameters of member initField2 are not (all) documented
/Users/F.Froehlich/Documents/MATLAB/AMICI/src/amici.c:26: warning: parameters of member initField3 are not (all) documented
/Users/F.Froehlich/Documents/MATLAB/AMICI/src/amici.c:33: warning: parameters of member readOptionScalar are not (all) documented
/Users/F.Froehlich/Documents/MATLAB/AMICI/src/amici.c:41: warning: parameters of member readOptionData are not (all) documented
<setupReturnData>:1: warning: argument 'prhs' of command @param is not found in the argument list of setupReturnData(mxArray *plhs[], void *user_data, double *pstatus)
/Users/F.Froehlich/Documents/MATLAB/AMICI/src/amici.c:196: warning: The following parameters of setupReturnData(mxArray *plhs[], void *user_data, double *pstatus) are not documented:
  parameter 'plhs'
  parameter 'pstatus'
/Users/F.Froehlich/Documents/MATLAB/AMICI/@amievent/setHflag.m:37: warning: argument 'hlfag' of command @param is not found in the argument list of amievent::setHflag(matlabtypesubstitute hflag)
/Users/F.Froehlich/Documents/MATLAB/AMICI/@amievent/amievent.m:130: warning: The following parameters of amievent::setHflag(matlabtypesubstitute hflag) are not documented:
  parameter 'hflag'
/Users/F.Froehlich/Documents/MATLAB/AMICI/@amimodel/amimodel.m:18: warning: Member updateRHS(matlabtypesubstitute xdot) (function) of class amimodel is not documented.
/Users/F.Froehlich/Documents/MATLAB/AMICI/@amimodel/amimodel.m:600: warning: return type of member amimodel::getFun is not documented
/Users/F.Froehlich/Documents/MATLAB/AMICI/@amioption/amioption.m:18: warning: Member z2event (variable) of class amioption is not documented.
/Users/F.Froehlich/Documents/MATLAB/AMICI/@amioption/amioption.m:18: warning: Member id (variable) of class amioption is not documented.
/Users/F.Froehlich/Documents/MATLAB/AMICI/@amioption/amioption.m:195: warning: parameters of member amioption::amioption are not (all) documented
/Users/F.Froehlich/Documents/MATLAB/AMICI/@optsym/optsym.m:18: warning: Member optsym(matlabtypesubstitute symbol) (function) of class optsym is not documented.
/Users/F.Froehlich/Documents/MATLAB/AMICI/@optsym/optsym.m:18: warning: Member getoptimized() (function) of class optsym is not documented.
/Users/F.Froehlich/Documents/MATLAB/AMICI/@SBMLode/SBMLode.m:18: warning: Member SBMLode(matlabtypesubstitute filename) (function) of class SBMLode is not documented.
/Users/F.Froehlich/Documents/MATLAB/AMICI/@SBMLode/SBMLode.m:18: warning: Member writeAMICI(matlabtypesubstitute filename, matlabtypesubstitute this, matlabtypesubstitute modelname) (function) of class SBMLode is not documented.